\BOOKMARK [0][-]{chapter*.1}{Preface}{}% 1
\BOOKMARK [0][-]{chapter.1}{Finite differences}{}% 2
\BOOKMARK [1][-]{section.1.1}{Numerical derivatives}{chapter.1}% 3
\BOOKMARK [1][-]{section.1.2}{Taylor Polynomial Approximation}{chapter.1}% 4
\BOOKMARK [2][-]{subsection.1.2.1}{Evaluation of polynomials}{section.1.2}% 5
\BOOKMARK [1][-]{section.1.3}{Calculating Derivatives of Functions}{chapter.1}% 6
\BOOKMARK [2][-]{subsection.1.3.1}{Big O notation}{section.1.3}% 7
\BOOKMARK [2][-]{subsection.1.3.2}{Round off Errors}{section.1.3}% 8
\BOOKMARK [1][-]{section.1.4}{Higher Order Derivatives}{chapter.1}% 9
\BOOKMARK [0][-]{chapter.2}{Linear and nonlinear equations}{}% 10
\BOOKMARK [1][-]{section.2.1}{Solving linear equations}{chapter.2}% 11
\BOOKMARK [2][-]{subsection.2.1.1}{Gauss-Jordan elimination}{section.2.1}% 12
\BOOKMARK [2][-]{subsection.2.1.2}{Pivoting}{section.2.1}% 13
\BOOKMARK [2][-]{subsection.2.1.3}{LU decomposition}{section.2.1}% 14
\BOOKMARK [1][-]{section.2.2}{Example: Linear regression}{chapter.2}% 15
\BOOKMARK [1][-]{section.2.3}{Example: Solving the heat equation regression}{chapter.2}% 16
\BOOKMARK [1][-]{section.2.4}{Singular Value Decomposition}{chapter.2}% 17
\BOOKMARK [1][-]{section.2.5}{QR factorization}{chapter.2}% 18
\BOOKMARK [1][-]{section.2.6}{Solving nonlinear equations}{chapter.2}% 19
\BOOKMARK [0][-]{chapter.3}{Numerical integration}{}% 20
\BOOKMARK [1][-]{section.3.1}{Numerical Integration}{chapter.3}% 21
\BOOKMARK [2][-]{subsection.3.1.1}{The Midpoint Rule}{section.3.1}% 22
\BOOKMARK [2][-]{subsection.3.1.2}{The Trapezoidal Rule}{section.3.1}% 23
\BOOKMARK [2][-]{subsection.3.1.3}{Numerical Errors on Integrals}{section.3.1}% 24
\BOOKMARK [2][-]{subsection.3.1.4}{Practical Estimation of Errors on Integrals}{section.3.1}% 25
\BOOKMARK [1][-]{section.3.2}{Romberg Integration}{chapter.3}% 26
\BOOKMARK [2][-]{subsection.3.2.1}{Gaussian Quadrature}{section.3.2}% 27
\BOOKMARK [2][-]{subsection.3.2.2}{Error term on Gaussian Integration}{section.3.2}% 28
\BOOKMARK [2][-]{subsection.3.2.3}{Common Weight functions for Classical Gaussian Quadratures}{section.3.2}% 29
\BOOKMARK [2][-]{subsection.3.2.4}{Which method to use in a specific case?}{section.3.2}% 30
\BOOKMARK [0][-]{chapter.4}{Ordinary differential equations}{}% 31
\BOOKMARK [0][-]{chapter.5}{Monte Carlo Methods}{}% 32
\BOOKMARK [0][-]{chapter*.20}{References}{}% 33
