\BOOKMARK [0][-]{chapter*.1}{Preface}{}% 1
\BOOKMARK [0][-]{chapter.1}{Introduction to Python}{}% 2
\BOOKMARK [1][-]{section.1.1}{Personal guidelines}{chapter.1}% 3
\BOOKMARK [2][-]{subsection.1.1.1}{Code editor}{section.1.1}% 4
\BOOKMARK [1][-]{section.1.2}{Types in Python}{chapter.1}% 5
\BOOKMARK [2][-]{subsection.1.2.1}{Basic types}{section.1.2}% 6
\BOOKMARK [2][-]{subsection.1.2.2}{Lists}{section.1.2}% 7
\BOOKMARK [2][-]{subsection.1.2.3}{Numpy arrays}{section.1.2}% 8
\BOOKMARK [2][-]{subsection.1.2.4}{Dictionaries}{section.1.2}% 9
\BOOKMARK [1][-]{section.1.3}{Looping}{chapter.1}% 10
\BOOKMARK [2][-]{subsection.1.3.1}{For-loops}{section.1.3}% 11
\BOOKMARK [2][-]{subsection.1.3.2}{While-loops}{section.1.3}% 12
\BOOKMARK [2][-]{subsection.1.3.3}{Functions in Python}{section.1.3}% 13
\BOOKMARK [2][-]{subsection.1.3.4}{Defining a mathematical function}{section.1.3}% 14
\BOOKMARK [2][-]{subsection.1.3.5}{Scope of variables}{section.1.3}% 15
\BOOKMARK [2][-]{subsection.1.3.6}{Passing arrays and lists to functions}{section.1.3}% 16
\BOOKMARK [2][-]{subsection.1.3.7}{Call by value or call by reference}{section.1.3}% 17
\BOOKMARK [2][-]{subsection.1.3.8}{Mutable and immutable objects}{section.1.3}% 18
\BOOKMARK [0][-]{chapter.2}{Introduction to Pandas}{}% 19
\BOOKMARK [1][-]{section.2.1}{What is Pandas?}{chapter.2}% 20
\BOOKMARK [1][-]{section.2.2}{Creating a data frame}{chapter.2}% 21
\BOOKMARK [2][-]{subsection.2.2.1}{From an empty DataFrame}{section.2.2}% 22
\BOOKMARK [2][-]{subsection.2.2.2}{Create DataFrame from dictionary}{section.2.2}% 23
\BOOKMARK [2][-]{subsection.2.2.3}{From a file}{section.2.2}% 24
\BOOKMARK [2][-]{subsection.2.2.4}{Accessing data in DataFrames}{section.2.2}% 25
\BOOKMARK [2][-]{subsection.2.2.5}{Filtering and visualizing data}{section.2.2}% 26
\BOOKMARK [2][-]{subsection.2.2.6}{Performing mathematical operations on DataFrames}{section.2.2}% 27
\BOOKMARK [2][-]{subsection.2.2.7}{Grouping, filtering and aggregating data}{section.2.2}% 28
\BOOKMARK [2][-]{subsection.2.2.8}{Simple statistics in Pandas}{section.2.2}% 29
\BOOKMARK [2][-]{subsection.2.2.9}{Joining two DataFrames}{section.2.2}% 30
\BOOKMARK [2][-]{subsection.2.2.10}{Working with folders and files}{section.2.2}% 31
\BOOKMARK [2][-]{subsection.2.2.11}{Writing more robust code}{section.2.2}% 32
\BOOKMARK [0][-]{chapter.3}{Finite differences}{}% 33
\BOOKMARK [1][-]{section.3.1}{Why are gradients important?}{chapter.3}% 34
\BOOKMARK [1][-]{section.3.2}{Continuous functions and finite representation: numerical errors}{chapter.3}% 35
\BOOKMARK [1][-]{section.3.3}{Taylor polynomial approximation}{chapter.3}% 36
\BOOKMARK [1][-]{section.3.4}{Calculating Numerical Derivatives of Functions}{chapter.3}% 37
\BOOKMARK [2][-]{subsection.3.4.1}{Roundoff Errors}{section.3.4}% 38
\BOOKMARK [1][-]{section.3.5}{Binary numbers}{chapter.3}% 39
\BOOKMARK [2][-]{subsection.3.5.1}{Floating point numbers and the IEEE 754-1985 standard}{section.3.5}% 40
\BOOKMARK [0][-]{chapter.4}{Partial differential equations and linear systems}{}% 41
\BOOKMARK [1][-]{section.4.1}{The continuity equation}{chapter.4}% 42
\BOOKMARK [1][-]{section.4.2}{Continuity equation as a linear problem}{chapter.4}% 43
\BOOKMARK [1][-]{section.4.3}{Solving linear equations}{chapter.4}% 44
\BOOKMARK [2][-]{subsection.4.3.1}{Gauss-Jordan elimination}{section.4.3}% 45
\BOOKMARK [2][-]{subsection.4.3.2}{Pivoting}{section.4.3}% 46
\BOOKMARK [2][-]{subsection.4.3.3}{LU decomposition}{section.4.3}% 47
\BOOKMARK [1][-]{section.4.4}{Iterative methods}{chapter.4}% 48
\BOOKMARK [2][-]{subsection.4.4.1}{Iterative improvement}{section.4.4}% 49
\BOOKMARK [2][-]{subsection.4.4.2}{The Jacobi method}{section.4.4}% 50
\BOOKMARK [2][-]{subsection.4.4.3}{The Gauss-Seidel method}{section.4.4}% 51
\BOOKMARK [1][-]{section.4.5}{Example: Linear regression}{chapter.4}% 52
\BOOKMARK [2][-]{subsection.4.5.1}{Solving least square, using algebraic equations}{section.4.5}% 53
\BOOKMARK [2][-]{subsection.4.5.2}{Least square as a linear algebra problem}{section.4.5}% 54
\BOOKMARK [2][-]{subsection.4.5.3}{Working with matrices on component form}{section.4.5}% 55
\BOOKMARK [1][-]{section.4.6}{Sparse matrices and Thomas algorithm}{chapter.4}% 56
\BOOKMARK [1][-]{section.4.7}{Example: Solving the heat equation using linear algebra}{chapter.4}% 57
\BOOKMARK [1][-]{section.4.8}{CO2 diffusion into aquifers}{chapter.4}% 58
\BOOKMARK [0][-]{chapter.5}{Optimization and nonlinear systems}{}% 59
\BOOKMARK [1][-]{section.5.1}{Nonlinear equations}{chapter.5}% 60
\BOOKMARK [1][-]{section.5.2}{Example: van der Waals equation of state}{chapter.5}% 61
\BOOKMARK [1][-]{section.5.3}{Fixed-point iteration}{chapter.5}% 62
\BOOKMARK [2][-]{subsection.5.3.1}{When does the fixed point method fail?}{section.5.3}% 63
\BOOKMARK [2][-]{subsection.5.3.2}{What to do when the fixed point method fails}{section.5.3}% 64
\BOOKMARK [1][-]{section.5.4}{Rate of convergence}{chapter.5}% 65
\BOOKMARK [1][-]{section.5.5}{The bisection method}{chapter.5}% 66
\BOOKMARK [2][-]{subsection.5.5.1}{Rate of convergence}{section.5.5}% 67
\BOOKMARK [1][-]{section.5.6}{Newton's method}{chapter.5}% 68
\BOOKMARK [2][-]{subsection.5.6.1}{Rate of convergence}{section.5.6}% 69
\BOOKMARK [1][-]{section.5.7}{Secant method}{chapter.5}% 70
\BOOKMARK [2][-]{subsection.5.7.1}{Rate of convergence}{section.5.7}% 71
\BOOKMARK [1][-]{section.5.8}{Newton Rapson method}{chapter.5}% 72
\BOOKMARK [1][-]{section.5.9}{Gradient descent}{chapter.5}% 73
\BOOKMARK [1][-]{section.5.10}{Other useful methods}{chapter.5}% 74
\BOOKMARK [0][-]{chapter.6}{Numerical integration}{}% 75
\BOOKMARK [1][-]{section.6.1}{Algorithmic thinking}{chapter.6}% 76
\BOOKMARK [2][-]{subsection.6.1.1}{The midpoint rule}{section.6.1}% 77
\BOOKMARK [2][-]{subsection.6.1.2}{The trapezoidal rule}{section.6.1}% 78
\BOOKMARK [2][-]{subsection.6.1.3}{Numerical errors on integrals}{section.6.1}% 79
\BOOKMARK [2][-]{subsection.6.1.4}{Practical estimation of errors on integrals \(Richardson extrapolation\)}{section.6.1}% 80
\BOOKMARK [1][-]{section.6.2}{Romberg integration}{chapter.6}% 81
\BOOKMARK [2][-]{subsection.6.2.1}{Alternative implementation of adaptive integration}{section.6.2}% 82
\BOOKMARK [1][-]{section.6.3}{Gaussian quadrature}{chapter.6}% 83
\BOOKMARK [2][-]{subsection.6.3.1}{Error term on Gaussian integration}{section.6.3}% 84
\BOOKMARK [2][-]{subsection.6.3.2}{Common weight functions for classical Gaussian quadratures}{section.6.3}% 85
\BOOKMARK [1][-]{section.6.4}{Integrating functions over an infinite range}{chapter.6}% 86
\BOOKMARK [0][-]{chapter.7}{Ordinary differential equations}{}% 87
\BOOKMARK [1][-]{section.7.1}{0D models}{chapter.7}% 88
\BOOKMARK [1][-]{section.7.2}{Ordinary differential equations}{chapter.7}% 89
\BOOKMARK [1][-]{section.7.3}{A simple model for fluid flow}{chapter.7}% 90
\BOOKMARK [1][-]{section.7.4}{Euler's method}{chapter.7}% 91
\BOOKMARK [2][-]{subsection.7.4.1}{Error analysis - Euler's method}{section.7.4}% 92
\BOOKMARK [2][-]{subsection.7.4.2}{Adaptive step size - Euler's method}{section.7.4}% 93
\BOOKMARK [1][-]{section.7.5}{Runge-Kutta methods}{chapter.7}% 94
\BOOKMARK [2][-]{subsection.7.5.1}{Adaptive step size - Runge-Kutta method}{section.7.5}% 95
\BOOKMARK [2][-]{subsection.7.5.2}{Conservation of mass}{section.7.5}% 96
\BOOKMARK [1][-]{section.7.6}{Solving a set of ODE equations}{chapter.7}% 97
\BOOKMARK [1][-]{section.7.7}{Stiff sets of ODE and implicit methods}{chapter.7}% 98
\BOOKMARK [0][-]{chapter.8}{Monte Carlo Methods}{}% 99
\BOOKMARK [1][-]{section.8.1}{Monte Carlo methods}{chapter.8}% 100
\BOOKMARK [1][-]{section.8.2}{Monte Carlo integration ''hit and miss''}{chapter.8}% 101
\BOOKMARK [2][-]{subsection.8.2.1}{Random number generators}{section.8.2}% 102
\BOOKMARK [2][-]{subsection.8.2.2}{Encryption}{section.8.2}% 103
\BOOKMARK [2][-]{subsection.8.2.3}{Errors on Monte Carlo integration and the binomial distribution}{section.8.2}% 104
\BOOKMARK [2][-]{subsection.8.2.4}{The mean value method}{section.8.2}% 105
\BOOKMARK [2][-]{subsection.8.2.5}{Basic properties of probability distributions}{section.8.2}% 106
\BOOKMARK [2][-]{subsection.8.2.6}{Example: Monte Carlo integration of a hyper sphere}{section.8.2}% 107
\BOOKMARK [0][-]{chapter*.150}{References}{}% 108
\BOOKMARK [0][-]{section*.151}{Index}{}% 109
