This is pdfTeX, Version 3.14159265-2.6-1.40.20 (TeX Live 2019/Debian) (preloaded format=pdflatex 2024.3.18)  5 SEP 2024 13:20
entering extended mode
 restricted \write18 enabled.
 %&-line parsing enabled.
**book
(./book.tex
LaTeX2e <2020-02-02> patch level 2
L3 programming layer <2020-02-14> (./svmonodo.cls
Document Class: svmonodo 2007/06/25 v5.4 
Springer Verlag global LaTeX document class for monographs

Class Springer-SVMono Warning: Specified option or subpackage "sectrefs" 
(Springer-SVMono)              not found passing it to article class 
(Springer-SVMono)              - on input line 228.


Class Springer-SVMono Warning: Specified option or subpackage "open=right" 
(Springer-SVMono)              not found passing it to article class 
(Springer-SVMono)              - on input line 228.


Class Springer-SVMono Warning: Specified option or subpackage "final" 
(Springer-SVMono)              not found passing it to article class 
(Springer-SVMono)              - on input line 228.

Class Springer-SVMono Info: extra/valid Springer sub-package 
(Springer-SVMono)           not found in option list - using "global" style.
(/usr/share/texlive/texmf-dist/tex/latex/base/article.cls
Document Class: article 2019/12/20 v1.4l Standard LaTeX document class
(/usr/share/texlive/texmf-dist/tex/latex/base/size10.clo
File: size10.clo 2019/12/20 v1.4l Standard LaTeX file (size option)
)
\c@part=\count167
\c@section=\count168
\c@subsection=\count169
\c@subsubsection=\count170
\c@paragraph=\count171
\c@subparagraph=\count172
\c@figure=\count173
\c@table=\count174
\abovecaptionskip=\skip47
\belowcaptionskip=\skip48
\bibindent=\dimen134
)
\svparindent=\dimen135
\betweenumberspace=\dimen136
\headlineindent=\dimen137
\c@chapter=\count175
\mottowidth=\dimen138
\svitemindent=\dimen139
\verbatimindent=\dimen140
LaTeX Font Info:    Redeclaring math symbol \Gamma on input line 858.
LaTeX Font Info:    Redeclaring math symbol \Delta on input line 859.
LaTeX Font Info:    Redeclaring math symbol \Theta on input line 860.
LaTeX Font Info:    Redeclaring math symbol \Lambda on input line 861.
LaTeX Font Info:    Redeclaring math symbol \Xi on input line 862.
LaTeX Font Info:    Redeclaring math symbol \Pi on input line 863.
LaTeX Font Info:    Redeclaring math symbol \Sigma on input line 864.
LaTeX Font Info:    Redeclaring math symbol \Upsilon on input line 865.
LaTeX Font Info:    Redeclaring math symbol \Phi on input line 866.
LaTeX Font Info:    Redeclaring math symbol \Psi on input line 867.
LaTeX Font Info:    Redeclaring math symbol \Omega on input line 868.
\tocchpnum=\dimen141
\tocsecnum=\dimen142
\tocsectotal=\dimen143
\tocsubsecnum=\dimen144
\tocsubsectotal=\dimen145
\tocsubsubsecnum=\dimen146
\tocsubsubsectotal=\dimen147
\tocparanum=\dimen148
\tocparatotal=\dimen149
\tocsubparanum=\dimen150
\foot@parindent=\dimen151
\spthmsep=\dimen152
\c@theorem=\count176
\c@case=\count177
\c@conjecture=\count178
\c@corollary=\count179
\c@definition=\count180
\c@example=\count181
\c@exercise=\count182
\c@lemma=\count183
\c@note=\count184
\c@problem=\count185
\c@property=\count186
\c@proposition=\count187
\c@question=\count188
\c@solution=\count189
\c@remark=\count190
\c@prob=\count191
\instindent=\dimen153
\figgap=\dimen154
\bildb@x=\box45
\figcapgap=\dimen155
\tabcapgap=\dimen156
\c@merk=\count192
LaTeX Info: Redefining \abstract on input line 1921.
)
(/usr/share/texlive/texmf-dist/tex/latex/graphics/color.sty
Package: color 2019/11/23 v1.2a Standard LaTeX Color (DPC)

(/usr/share/texlive/texmf-dist/tex/latex/graphics-cfg/color.cfg
File: color.cfg 2016/01/02 v1.6 sample color configuration
)
Package color Info: Driver file: pdftex.def on input line 147.

(/usr/share/texlive/texmf-dist/tex/latex/graphics-def/pdftex.def
File: pdftex.def 2018/01/08 v1.0l Graphics/color driver for pdftex
))
(/usr/share/texlive/texmf-dist/tex/latex/framed/framed.sty
Package: framed 2011/10/22 v 0.96: framed or shaded text with page breaks
\OuterFrameSep=\skip49
\fb@frw=\dimen157
\fb@frh=\dimen158
\FrameRule=\dimen159
\FrameSep=\dimen160
) (./t4do.sty
(/usr/share/texlive/texmf-dist/tex/latex/amsmath/amsmath.sty
Package: amsmath 2020/01/20 v2.17e AMS math features
\@mathmargin=\skip50

For additional information on amsmath, use the `?' option.
(/usr/share/texlive/texmf-dist/tex/latex/amsmath/amstext.sty
Package: amstext 2000/06/29 v2.01 AMS text

(/usr/share/texlive/texmf-dist/tex/latex/amsmath/amsgen.sty
File: amsgen.sty 1999/11/30 v2.0 generic functions
\@emptytoks=\toks14
\ex@=\dimen161
))
(/usr/share/texlive/texmf-dist/tex/latex/amsmath/amsbsy.sty
Package: amsbsy 1999/11/29 v1.2d Bold Symbols
\pmbraise@=\dimen162
)
(/usr/share/texlive/texmf-dist/tex/latex/amsmath/amsopn.sty
Package: amsopn 2016/03/08 v2.02 operator names
)
\inf@bad=\count193
LaTeX Info: Redefining \frac on input line 227.
\uproot@=\count194
\leftroot@=\count195
LaTeX Info: Redefining \overline on input line 389.
\classnum@=\count196
\DOTSCASE@=\count197
LaTeX Info: Redefining \ldots on input line 486.
LaTeX Info: Redefining \dots on input line 489.
LaTeX Info: Redefining \cdots on input line 610.
\Mathstrutbox@=\box46
\strutbox@=\box47
\big@size=\dimen163
LaTeX Font Info:    Redeclaring font encoding OML on input line 733.
LaTeX Font Info:    Redeclaring font encoding OMS on input line 734.
\macc@depth=\count198
\c@MaxMatrixCols=\count199
\dotsspace@=\muskip16
\c@parentequation=\count266
\dspbrk@lvl=\count267
\tag@help=\toks15
\row@=\count268
\column@=\count269
\maxfields@=\count270
\andhelp@=\toks16
\eqnshift@=\dimen164
\alignsep@=\dimen165
\tagshift@=\dimen166
\tagwidth@=\dimen167
\totwidth@=\dimen168
\lineht@=\dimen169
\@envbody=\toks17
\multlinegap=\skip51
\multlinetaggap=\skip52
\mathdisplay@stack=\toks18
LaTeX Info: Redefining \[ on input line 2859.
LaTeX Info: Redefining \] on input line 2860.
)
(/usr/share/texlive/texmf-dist/tex/latex/amsfonts/amsfonts.sty
Package: amsfonts 2013/01/14 v3.01 Basic AMSFonts support
\symAMSa=\mathgroup4
\symAMSb=\mathgroup5
LaTeX Font Info:    Redeclaring math symbol \hbar on input line 98.
LaTeX Font Info:    Overwriting math alphabet `\mathfrak' in version `bold'
(Font)                  U/euf/m/n --> U/euf/b/n on input line 106.
)
(/usr/share/texlive/texmf-dist/tex/latex/amsfonts/amssymb.sty
Package: amssymb 2013/01/14 v3.01 AMS font symbols
)
(/usr/share/texlive/texmf-dist/tex/latex/caption/caption.sty
Package: caption 2020/01/03 v3.4h Customizing captions (AR)

(/usr/share/texlive/texmf-dist/tex/latex/caption/caption3.sty
Package: caption3 2020/01/03 v1.8h caption3 kernel (AR)
Package caption3 Info: TeX engine: e-TeX on input line 61.

(/usr/share/texlive/texmf-dist/tex/latex/graphics/keyval.sty
Package: keyval 2014/10/28 v1.15 key=value parser (DPC)
\KV@toks@=\toks19
)
\captionmargin=\dimen170
\captionmargin@=\dimen171
\captionwidth=\dimen172
\caption@tempdima=\dimen173
\caption@indent=\dimen174
\caption@parindent=\dimen175
\caption@hangindent=\dimen176
Package caption Info: Unknown document class (or package),
(caption)             standard defaults will be used.
Package caption Info: \@makecaption = \long macro:#1#2->\captionstyle \ifx \@ca
ptype \fig@type \vskip \figcapgap \fi \setbox \@tempboxa \hbox {{\floatlegendst
yle #1\floatcounterend }\capstrut #2}\ifdim \wd \@tempboxa >\hsize {\floatlegen
dstyle #1\floatcounterend }\capstrut #2\par \else \hbox to\hsize {\leftlegendgl
ue \unhbox \@tempboxa \hfil }\fi \ifx \@captype \fig@type \else \vskip \tabcapg
ap \fi  on input line 1082.
)

Package caption Warning: Unknown document class (or package),
(caption)                standard defaults will be used.
See the caption package documentation for explanation.

\c@caption@flags=\count271
\c@continuedfloat=\count272
) (/usr/share/texlive/texmf-dist/tex/latex/tools/tabularx.sty
Package: tabularx 2020/01/15 v2.11c `tabularx' package (DPC)

(/usr/share/texlive/texmf-dist/tex/latex/tools/array.sty
Package: array 2019/08/31 v2.4l Tabular extension package (FMi)
\col@sep=\dimen177
\ar@mcellbox=\box48
\extrarowheight=\dimen178
\NC@list=\toks20
\extratabsurround=\skip53
\backup@length=\skip54
\ar@cellbox=\box49
)
\TX@col@width=\dimen179
\TX@old@table=\dimen180
\TX@old@col=\dimen181
\TX@target=\dimen182
\TX@delta=\dimen183
\TX@cols=\count273
\TX@ftn=\toks21
)
(/usr/share/texlive/texmf-dist/tex/latex/tools/multicol.sty
Package: multicol 2019/12/09 v1.8y multicolumn formatting (FMi)
\c@tracingmulticols=\count274
\mult@box=\box50
\multicol@leftmargin=\dimen184
\c@unbalance=\count275
\c@collectmore=\count276
\doublecol@number=\count277
\multicoltolerance=\count278
\multicolpretolerance=\count279
\full@width=\dimen185
\page@free=\dimen186
\premulticols=\dimen187
\postmulticols=\dimen188
\multicolsep=\skip55
\multicolbaselineskip=\skip56
\partial@page=\box51
\last@line=\box52
\maxbalancingoverflow=\dimen189
\mult@rightbox=\box53
\mult@grightbox=\box54
\mult@gfirstbox=\box55
\mult@firstbox=\box56
\@tempa=\box57
\@tempa=\box58
\@tempa=\box59
\@tempa=\box60
\@tempa=\box61
\@tempa=\box62
\@tempa=\box63
\@tempa=\box64
\@tempa=\box65
\@tempa=\box66
\@tempa=\box67
\@tempa=\box68
\@tempa=\box69
\@tempa=\box70
\@tempa=\box71
\@tempa=\box72
\@tempa=\box73
\@tempa=\box74
\@tempa=\box75
\@tempa=\box76
\@tempa=\box77
\@tempa=\box78
\@tempa=\box79
\@tempa=\box80
\@tempa=\box81
\@tempa=\box82
\@tempa=\box83
\@tempa=\box84
\@tempa=\box85
\@tempa=\box86
\@tempa=\box87
\@tempa=\box88
\@tempa=\box89
\@tempa=\box90
\@tempa=\box91
\@tempa=\box92
\@tempa=\box93
\c@minrows=\count280
\c@columnbadness=\count281
\c@finalcolumnbadness=\count282
\last@try=\dimen190
\multicolovershoot=\dimen191
\multicolundershoot=\dimen192
\mult@nat@firstbox=\box94
\colbreak@box=\box95
\mc@col@check@num=\count283
)
(/usr/share/texlive/texmf-dist/tex/latex/base/fontenc.sty
Package: fontenc 2020/02/11 v2.0o Standard LaTeX package
)
\@headskip=\dimen193
\mydimen=\dimen194
\m@dimen=\dimen195

(/usr/share/texlive/texmf-dist/tex/latex/marvosym/marvosym.sty
Package: marvosym 2011/07/20 v2.2 Martin Vogel's Symbols font definitions
)
(/usr/share/texlive/texmf-dist/tex/latex/base/textcomp.sty
Package: textcomp 2020/02/02 v2.0n Standard LaTeX package
)
(/usr/share/texlive/texmf-dist/tex/latex/footmisc/footmisc.sty
Package: footmisc 2011/06/06 v5.5b a miscellany of footnote facilities
\FN@temptoken=\toks22
\footnotemargin=\dimen196
\c@pp@next@reset=\count284
Package footmisc Info: Declaring symbol style bringhurst on input line 855.
Package footmisc Info: Declaring symbol style chicago on input line 863.
Package footmisc Info: Declaring symbol style wiley on input line 872.
Package footmisc Info: Declaring symbol style lamport-robust on input line 883.

Package footmisc Info: Declaring symbol style lamport* on input line 903.
Package footmisc Info: Declaring symbol style lamport*-robust on input line 924
.
))
(/usr/share/texlive/texmf-dist/tex/latex/relsize/relsize.sty
Package: relsize 2013/03/29 ver 4.1
)
(/usr/share/texlive/texmf-dist/tex/latex/base/makeidx.sty
Package: makeidx 2014/09/29 v1.0m Standard LaTeX package
)
(/usr/share/texlive/texmf-dist/tex/latex/setspace/setspace.sty
Package: setspace 2011/12/19 v6.7a set line spacing
)
(/usr/share/texlive/texmf-dist/tex/latex/xcolor/xcolor.sty
Package: xcolor 2016/05/11 v2.12 LaTeX color extensions (UK)

(/usr/share/texlive/texmf-dist/tex/latex/graphics-cfg/color.cfg
File: color.cfg 2016/01/02 v1.6 sample color configuration
)
Package xcolor Info: Driver file: pdftex.def on input line 225.

(/usr/share/texlive/texmf-dist/tex/latex/colortbl/colortbl.sty
Package: colortbl 2020/01/04 v1.0e Color table columns (DPC)
\everycr=\toks23
\minrowclearance=\skip57
)
LaTeX Info: Redefining \color on input line 709.
\rownum=\count285
Package xcolor Info: Model `cmy' substituted by `cmy0' on input line 1348.
Package xcolor Info: Model `hsb' substituted by `rgb' on input line 1352.
Package xcolor Info: Model `RGB' extended on input line 1364.
Package xcolor Info: Model `HTML' substituted by `rgb' on input line 1366.
Package xcolor Info: Model `Hsb' substituted by `hsb' on input line 1367.
Package xcolor Info: Model `tHsb' substituted by `hsb' on input line 1368.
Package xcolor Info: Model `HSB' substituted by `hsb' on input line 1369.
Package xcolor Info: Model `Gray' substituted by `gray' on input line 1370.
Package xcolor Info: Model `wave' substituted by `hsb' on input line 1371.
)
(/usr/share/texlive/texmf-dist/tex/latex/tools/bm.sty
Package: bm 2019/07/24 v1.2d Bold Symbol Support (DPC/FMi)
\symboldoperators=\mathgroup6
\symboldletters=\mathgroup7
\symboldsymbols=\mathgroup8
LaTeX Font Info:    Redeclaring math alphabet \mathbf on input line 141.
LaTeX Info: Redefining \bm on input line 209.
)
(/usr/share/texlive/texmf-dist/tex/latex/ltablex/ltablex.sty
Package: ltablex 2014/08/13 v1.1 Modified tabularx

(/usr/share/texlive/texmf-dist/tex/latex/tools/longtable.sty
Package: longtable 2020/01/07 v4.13 Multi-page Table package (DPC)
\LTleft=\skip58
\LTright=\skip59
\LTpre=\skip60
\LTpost=\skip61
\LTchunksize=\count286
\LTcapwidth=\dimen197
\LT@head=\box96
\LT@firsthead=\box97
\LT@foot=\box98
\LT@lastfoot=\box99
\LT@cols=\count287
\LT@rows=\count288
\c@LT@tables=\count289
\c@LT@chunks=\count290
\LT@p@ftn=\toks24
))
(/usr/share/texlive/texmf-dist/tex/latex/microtype/microtype.sty
Package: microtype 2019/11/18 v2.7d Micro-typographical refinements (RS)
\MT@toks=\toks25
\MT@count=\count291
LaTeX Info: Redefining \textls on input line 790.
\MT@outer@kern=\dimen198
LaTeX Info: Redefining \textmicrotypecontext on input line 1354.
\MT@listname@count=\count292

(/usr/share/texlive/texmf-dist/tex/latex/microtype/microtype-pdftex.def
File: microtype-pdftex.def 2019/11/18 v2.7d Definitions specific to pdftex (RS)

LaTeX Info: Redefining \lsstyle on input line 914.
LaTeX Info: Redefining \lslig on input line 914.
\MT@outer@space=\skip62
)
Package microtype Info: Loading configuration file microtype.cfg.

(/usr/share/texlive/texmf-dist/tex/latex/microtype/microtype.cfg
File: microtype.cfg 2019/11/18 v2.7d microtype main configuration file (RS)
))
(/usr/share/texlive/texmf-dist/tex/latex/graphics/graphicx.sty
Package: graphicx 2019/11/30 v1.2a Enhanced LaTeX Graphics (DPC,SPQR)

(/usr/share/texlive/texmf-dist/tex/latex/graphics/graphics.sty
Package: graphics 2019/11/30 v1.4a Standard LaTeX Graphics (DPC,SPQR)

(/usr/share/texlive/texmf-dist/tex/latex/graphics/trig.sty
Package: trig 2016/01/03 v1.10 sin cos tan (DPC)
)
(/usr/share/texlive/texmf-dist/tex/latex/graphics-cfg/graphics.cfg
File: graphics.cfg 2016/06/04 v1.11 sample graphics configuration
)
Package graphics Info: Driver file: pdftex.def on input line 105.
)
\Gin@req@height=\dimen199
\Gin@req@width=\dimen256
)
(/usr/share/texlive/texmf-dist/tex/latex/fancyvrb/fancyvrb.sty
Package: fancyvrb 2020/01/13 v3.5 verbatim text (tvz,hv)
\FV@CodeLineNo=\count293
\FV@InFile=\read2
\FV@TabBox=\box100
\c@FancyVerbLine=\count294
\FV@StepNumber=\count295
\FV@OutFile=\write3
)
(/usr/share/texlive/texmf-dist/tex/latex/moreverb/moreverb.sty
Package: moreverb 2008/06/03 v2.3a `more' verbatim facilities

(/usr/share/texlive/texmf-dist/tex/latex/tools/verbatim.sty
Package: verbatim 2019/11/10 v1.5r LaTeX2e package for verbatim enhancements
\every@verbatim=\toks26
\verbatim@line=\toks27
\verbatim@in@stream=\read3
)
\tab@position=\count296
\tab@size=\count297
\listing@line=\count298
)
(/usr/share/texlive/texmf-dist/tex/latex/listingsutf8/listingsutf8.sty
Package: listingsutf8 2019-12-10 v1.5 Allow UTF-8 in listings input (HO)

(/usr/share/texlive/texmf-dist/tex/latex/listings/listings.sty
\lst@mode=\count299
\lst@gtempboxa=\box101
\lst@token=\toks28
\lst@length=\count300
\lst@currlwidth=\dimen257
\lst@column=\count301
\lst@pos=\count302
\lst@lostspace=\dimen258
\lst@width=\dimen259
\lst@newlines=\count303
\lst@lineno=\count304
\lst@maxwidth=\dimen260

(/usr/share/texlive/texmf-dist/tex/latex/listings/lstmisc.sty
File: lstmisc.sty 2019/09/10 1.8c (Carsten Heinz)
\c@lstnumber=\count305
\lst@skipnumbers=\count306
\lst@framebox=\box102
)
(/usr/share/texlive/texmf-dist/tex/latex/listings/listings.cfg
File: listings.cfg 2019/09/10 1.8c listings configuration
))
Package: listings 2019/09/10 1.8c (Carsten Heinz)

(/usr/share/texlive/texmf-dist/tex/latex/pdftexcmds/pdftexcmds.sty
Package: pdftexcmds 2019/11/24 v0.31 Utility functions of pdfTeX for LuaTeX (HO
)

(/usr/share/texlive/texmf-dist/tex/generic/infwarerr/infwarerr.sty
Package: infwarerr 2019/12/03 v1.5 Providing info/warning/error messages (HO)
)
(/usr/share/texlive/texmf-dist/tex/generic/iftex/iftex.sty
Package: iftex 2019/11/07 v1.0c TeX engine tests
)
(/usr/share/texlive/texmf-dist/tex/generic/ltxcmds/ltxcmds.sty
Package: ltxcmds 2019/12/15 v1.24 LaTeX kernel commands for general use (HO)
)
Package pdftexcmds Info: \pdf@primitive is available.
Package pdftexcmds Info: \pdf@ifprimitive is available.
Package pdftexcmds Info: \pdfdraftmode found.
)
(/usr/share/texlive/texmf-dist/tex/generic/stringenc/stringenc.sty
Package: stringenc 2019/11/29 v1.12 Convert strings between diff. encodings (HO
)

(/usr/share/texlive/texmf-dist/tex/generic/pdfescape/pdfescape.sty
Package: pdfescape 2019/12/09 v1.15 Implements pdfTeX's escape features (HO)
)))
(/usr/share/texlive/texmf-dist/tex/latex/tools/calc.sty
Package: calc 2017/05/25 v4.3 Infix arithmetic (KKT,FJ)
\calc@Acount=\count307
\calc@Bcount=\count308
\calc@Adimen=\dimen261
\calc@Bdimen=\dimen262
\calc@Askip=\skip63
\calc@Bskip=\skip64
LaTeX Info: Redefining \setlength on input line 80.
LaTeX Info: Redefining \addtolength on input line 81.
\calc@Ccount=\count309
\calc@Cskip=\skip65
)
\lstboxwidth=\skip66
\framethickness=\skip67

(/usr/share/texlive/texmf-dist/tex/latex/base/fontenc.sty
Package: fontenc 2020/02/11 v2.0o Standard LaTeX package
)
(/usr/share/texlive/texmf-dist/tex/latex/ucs/ucs.sty
Package: ucs 2013/05/11 v2.2 UCS: Unicode input support

(/usr/share/texlive/texmf-dist/tex/latex/ucs/data/uni-global.def
File: uni-global.def 2013/05/13 UCS: Unicode global data
)
\uc@secondtry=\count310
\uc@combtoks=\toks29
\uc@combtoksb=\toks30
\uc@temptokena=\toks31
)
(/usr/share/texlive/texmf-dist/tex/latex/base/inputenc.sty
Package: inputenc 2018/08/11 v1.3c Input encoding file
\inpenc@prehook=\toks32
\inpenc@posthook=\toks33

(/usr/share/texlive/texmf-dist/tex/latex/ucs/utf8x.def
File: utf8x.def 2004/10/17 UCS: Input encoding UTF-8
))
(/usr/share/texmf/tex/latex/lm/lmodern.sty
Package: lmodern 2009/10/30 v1.6 Latin Modern Fonts
LaTeX Font Info:    Overwriting symbol font `operators' in version `normal'
(Font)                  OT1/cmr/m/n --> OT1/lmr/m/n on input line 22.
LaTeX Font Info:    Overwriting symbol font `letters' in version `normal'
(Font)                  OML/cmm/m/it --> OML/lmm/m/it on input line 23.
LaTeX Font Info:    Overwriting symbol font `symbols' in version `normal'
(Font)                  OMS/cmsy/m/n --> OMS/lmsy/m/n on input line 24.
LaTeX Font Info:    Overwriting symbol font `largesymbols' in version `normal'
(Font)                  OMX/cmex/m/n --> OMX/lmex/m/n on input line 25.
LaTeX Font Info:    Overwriting symbol font `operators' in version `bold'
(Font)                  OT1/cmr/bx/n --> OT1/lmr/bx/n on input line 26.
LaTeX Font Info:    Overwriting symbol font `letters' in version `bold'
(Font)                  OML/cmm/b/it --> OML/lmm/b/it on input line 27.
LaTeX Font Info:    Overwriting symbol font `symbols' in version `bold'
(Font)                  OMS/cmsy/b/n --> OMS/lmsy/b/n on input line 28.
LaTeX Font Info:    Overwriting symbol font `largesymbols' in version `bold'
(Font)                  OMX/cmex/m/n --> OMX/lmex/m/n on input line 29.
LaTeX Font Info:    Overwriting math alphabet `\mathbf' in version `normal'
(Font)                  OT1/cmr/bx/n --> OT1/lmr/bx/n on input line 31.
LaTeX Font Info:    Overwriting math alphabet `\mathsf' in version `normal'
(Font)                  OT1/cmss/m/n --> OT1/lmss/m/n on input line 32.
LaTeX Font Info:    Overwriting math alphabet `\mathit' in version `normal'
(Font)                  OT1/cmr/m/it --> OT1/lmr/m/it on input line 33.
LaTeX Font Info:    Overwriting math alphabet `\mathtt' in version `normal'
(Font)                  OT1/cmtt/m/n --> OT1/lmtt/m/n on input line 34.
LaTeX Font Info:    Overwriting math alphabet `\mathbf' in version `bold'
(Font)                  OT1/cmr/bx/n --> OT1/lmr/bx/n on input line 35.
LaTeX Font Info:    Overwriting math alphabet `\mathsf' in version `bold'
(Font)                  OT1/cmss/bx/n --> OT1/lmss/bx/n on input line 36.
LaTeX Font Info:    Overwriting math alphabet `\mathit' in version `bold'
(Font)                  OT1/cmr/bx/it --> OT1/lmr/bx/it on input line 37.
LaTeX Font Info:    Overwriting math alphabet `\mathtt' in version `bold'
(Font)                  OT1/cmtt/m/n --> OT1/lmtt/m/n on input line 38.
)
(/usr/share/texlive/texmf-dist/tex/latex/hyperref/hyperref.sty
Package: hyperref 2020/01/14 v7.00d Hypertext links for LaTeX

(/usr/share/texlive/texmf-dist/tex/generic/kvsetkeys/kvsetkeys.sty
Package: kvsetkeys 2019/12/15 v1.18 Key value parser (HO)
)
(/usr/share/texlive/texmf-dist/tex/generic/kvdefinekeys/kvdefinekeys.sty
Package: kvdefinekeys 2019-12-19 v1.6 Define keys (HO)
)
(/usr/share/texlive/texmf-dist/tex/latex/hycolor/hycolor.sty
Package: hycolor 2020-01-27 v1.10 Color options for hyperref/bookmark (HO)
)
(/usr/share/texlive/texmf-dist/tex/latex/letltxmacro/letltxmacro.sty
Package: letltxmacro 2019/12/03 v1.6 Let assignment for LaTeX macros (HO)
)
(/usr/share/texlive/texmf-dist/tex/latex/auxhook/auxhook.sty
Package: auxhook 2019-12-17 v1.6 Hooks for auxiliary files (HO)
)
(/usr/share/texlive/texmf-dist/tex/latex/kvoptions/kvoptions.sty
Package: kvoptions 2019/11/29 v3.13 Key value format for package options (HO)
)
\@linkdim=\dimen263
\Hy@linkcounter=\count311
\Hy@pagecounter=\count312

(/usr/share/texlive/texmf-dist/tex/latex/hyperref/pd1enc.def
File: pd1enc.def 2020/01/14 v7.00d Hyperref: PDFDocEncoding definition (HO)
)
(/usr/share/texlive/texmf-dist/tex/generic/intcalc/intcalc.sty
Package: intcalc 2019/12/15 v1.3 Expandable calculations with integers (HO)
)
(/usr/share/texlive/texmf-dist/tex/generic/etexcmds/etexcmds.sty
Package: etexcmds 2019/12/15 v1.7 Avoid name clashes with e-TeX commands (HO)
)
\Hy@SavedSpaceFactor=\count313
\pdfmajorversion=\count314
Package hyperref Info: Option `final' set `true' on input line 4421.
Package hyperref Info: Hyper figures OFF on input line 4547.
Package hyperref Info: Link nesting OFF on input line 4552.
Package hyperref Info: Hyper index ON on input line 4555.
Package hyperref Info: Plain pages OFF on input line 4562.
Package hyperref Info: Backreferencing OFF on input line 4567.
Package hyperref Info: Implicit mode ON; LaTeX internals redefined.
Package hyperref Info: Bookmarks ON on input line 4800.
\c@Hy@tempcnt=\count315

(/usr/share/texlive/texmf-dist/tex/latex/url/url.sty
\Urlmuskip=\muskip17
Package: url 2013/09/16  ver 3.4  Verb mode for urls, etc.
)
LaTeX Info: Redefining \url on input line 5159.
\XeTeXLinkMargin=\dimen264

(/usr/share/texlive/texmf-dist/tex/generic/bitset/bitset.sty
Package: bitset 2019/12/09 v1.3 Handle bit-vector datatype (HO)

(/usr/share/texlive/texmf-dist/tex/generic/bigintcalc/bigintcalc.sty
Package: bigintcalc 2019/12/15 v1.5 Expandable calculations on big integers (HO
)
))
\Fld@menulength=\count316
\Field@Width=\dimen265
\Fld@charsize=\dimen266
Package hyperref Info: Hyper figures OFF on input line 6430.
Package hyperref Info: Link nesting OFF on input line 6435.
Package hyperref Info: Hyper index ON on input line 6438.
Package hyperref Info: backreferencing OFF on input line 6445.
Package hyperref Info: Link coloring OFF on input line 6450.
Package hyperref Info: Link coloring with OCG OFF on input line 6455.
Package hyperref Info: PDF/A mode OFF on input line 6460.
LaTeX Info: Redefining \ref on input line 6500.
LaTeX Info: Redefining \pageref on input line 6504.

(/usr/share/texlive/texmf-dist/tex/generic/atbegshi/atbegshi.sty
Package: atbegshi 2019/12/05 v1.19 At begin shipout hook (HO)
)
\Hy@abspage=\count317
\c@Item=\count318
\c@Hfootnote=\count319
)
Package hyperref Info: Driver (autodetected): hpdftex.

(/usr/share/texlive/texmf-dist/tex/latex/hyperref/hpdftex.def
File: hpdftex.def 2020/01/14 v7.00d Hyperref driver for pdfTeX

(/usr/share/texlive/texmf-dist/tex/latex/atveryend/atveryend.sty
Package: atveryend 2019-12-11 v1.11 Hooks at the very end of document (HO)
Package atveryend Info: \enddocument detected (standard20110627).
)
\Fld@listcount=\count320
\c@bookmark@seq@number=\count321

(/usr/share/texlive/texmf-dist/tex/latex/rerunfilecheck/rerunfilecheck.sty
Package: rerunfilecheck 2019/12/05 v1.9 Rerun checks for auxiliary files (HO)

(/usr/share/texlive/texmf-dist/tex/generic/uniquecounter/uniquecounter.sty
Package: uniquecounter 2019/12/15 v1.4 Provide unlimited unique counter (HO)
)
Package uniquecounter Info: New unique counter `rerunfilecheck' on input line 2
86.
)
\Hy@SectionHShift=\skip68
)
Package hyperref Info: Option `breaklinks' set `true' on input line 159.
Package hyperref Info: Option `colorlinks' set `true' on input line 159.
Package hyperref Info: Option `pdfmenubar' set `true' on input line 159.
Package hyperref Info: Option `pdftoolbar' set `true' on input line 159.

(/usr/share/texlive/texmf-dist/tex/latex/placeins/placeins.sty
Package: placeins 2005/04/18  v 2.2
)
(/usr/share/texlive/texmf-dist/tex/latex/wrapfig/wrapfig.sty
\wrapoverhang=\dimen267
\WF@size=\dimen268
\c@WF@wrappedlines=\count322
\WF@box=\box103
\WF@everypar=\toks34
Package: wrapfig 2003/01/31  v 3.6
)
(/usr/share/texlive/texmf-dist/tex/latex/mdframed/mdframed.sty
Package: mdframed 2013/07/01 1.9b: mdframed

(/usr/share/texlive/texmf-dist/tex/latex/l3packages/xparse/xparse.sty
(/usr/share/texlive/texmf-dist/tex/latex/l3kernel/expl3.sty
Package: expl3 2020-02-14 L3 programming layer (loader) 

(/usr/share/texlive/texmf-dist/tex/latex/l3backend/l3backend-pdfmode.def
File: l3backend-pdfmode.def 2020-02-03 L3 backend support: PDF mode
\l__kernel_color_stack_int=\count323
\l__pdf_internal_box=\box104
))
Package: xparse 2020-02-14 L3 Experimental document command parser
\l__xparse_current_arg_int=\count324
\g__xparse_grabber_int=\count325
\l__xparse_m_args_int=\count326
\l__xparse_v_nesting_int=\count327
)
(/usr/share/texlive/texmf-dist/tex/latex/etoolbox/etoolbox.sty
Package: etoolbox 2019/09/21 v2.5h e-TeX tools for LaTeX (JAW)
\etb@tempcnta=\count328
)
(/usr/share/texlive/texmf-dist/tex/latex/zref/zref-abspage.sty
Package: zref-abspage 2019/11/29 v2.28 Module abspage for zref (HO)

(/usr/share/texlive/texmf-dist/tex/latex/zref/zref-base.sty
Package: zref-base 2019/11/29 v2.28 Module base for zref (HO)
Package zref Info: New property list: main on input line 763.
Package zref Info: New property: default on input line 764.
Package zref Info: New property: page on input line 765.
)
\c@abspage=\count329
Package zref Info: New property: abspage on input line 66.
)
(/usr/share/texlive/texmf-dist/tex/latex/needspace/needspace.sty
Package: needspace 2010/09/12 v1.3d reserve vertical space
)
\mdf@templength=\skip69
\c@mdf@globalstyle@cnt=\count330
\mdf@skipabove@length=\skip70
\mdf@skipbelow@length=\skip71
\mdf@leftmargin@length=\skip72
\mdf@rightmargin@length=\skip73
\mdf@innerleftmargin@length=\skip74
\mdf@innerrightmargin@length=\skip75
\mdf@innertopmargin@length=\skip76
\mdf@innerbottommargin@length=\skip77
\mdf@splittopskip@length=\skip78
\mdf@splitbottomskip@length=\skip79
\mdf@outermargin@length=\skip80
\mdf@innermargin@length=\skip81
\mdf@linewidth@length=\skip82
\mdf@innerlinewidth@length=\skip83
\mdf@middlelinewidth@length=\skip84
\mdf@outerlinewidth@length=\skip85
\mdf@roundcorner@length=\skip86
\mdf@footenotedistance@length=\skip87
\mdf@userdefinedwidth@length=\skip88
\mdf@needspace@length=\skip89
\mdf@frametitleaboveskip@length=\skip90
\mdf@frametitlebelowskip@length=\skip91
\mdf@frametitlerulewidth@length=\skip92
\mdf@frametitleleftmargin@length=\skip93
\mdf@frametitlerightmargin@length=\skip94
\mdf@shadowsize@length=\skip95
\mdf@extratopheight@length=\skip96
\mdf@subtitleabovelinewidth@length=\skip97
\mdf@subtitlebelowlinewidth@length=\skip98
\mdf@subtitleaboveskip@length=\skip99
\mdf@subtitlebelowskip@length=\skip100
\mdf@subtitleinneraboveskip@length=\skip101
\mdf@subtitleinnerbelowskip@length=\skip102
\mdf@subsubtitleabovelinewidth@length=\skip103
\mdf@subsubtitlebelowlinewidth@length=\skip104
\mdf@subsubtitleaboveskip@length=\skip105
\mdf@subsubtitlebelowskip@length=\skip106
\mdf@subsubtitleinneraboveskip@length=\skip107
\mdf@subsubtitleinnerbelowskip@length=\skip108

(/usr/share/texlive/texmf-dist/tex/latex/pgf/frontendlayer/tikz.sty
(/usr/share/texlive/texmf-dist/tex/latex/pgf/basiclayer/pgf.sty
(/usr/share/texlive/texmf-dist/tex/latex/pgf/utilities/pgfrcs.sty
(/usr/share/texlive/texmf-dist/tex/generic/pgf/utilities/pgfutil-common.tex
\pgfutil@everybye=\toks35
\pgfutil@tempdima=\dimen269
\pgfutil@tempdimb=\dimen270

(/usr/share/texlive/texmf-dist/tex/generic/pgf/utilities/pgfutil-common-lists.t
ex)) (/usr/share/texlive/texmf-dist/tex/generic/pgf/utilities/pgfutil-latex.def
\pgfutil@abb=\box105
(/usr/share/texlive/texmf-dist/tex/latex/ms/everyshi.sty
Package: everyshi 2001/05/15 v3.00 EveryShipout Package (MS)
))
(/usr/share/texlive/texmf-dist/tex/generic/pgf/utilities/pgfrcs.code.tex
(/usr/share/texlive/texmf-dist/tex/generic/pgf/pgf.revision.tex)
Package: pgfrcs 2020/01/08 v3.1.5b (3.1.5b)
))
Package: pgf 2020/01/08 v3.1.5b (3.1.5b)

(/usr/share/texlive/texmf-dist/tex/latex/pgf/basiclayer/pgfcore.sty
(/usr/share/texlive/texmf-dist/tex/latex/pgf/systemlayer/pgfsys.sty
(/usr/share/texlive/texmf-dist/tex/generic/pgf/systemlayer/pgfsys.code.tex
Package: pgfsys 2020/01/08 v3.1.5b (3.1.5b)

(/usr/share/texlive/texmf-dist/tex/generic/pgf/utilities/pgfkeys.code.tex
\pgfkeys@pathtoks=\toks36
\pgfkeys@temptoks=\toks37

(/usr/share/texlive/texmf-dist/tex/generic/pgf/utilities/pgfkeysfiltered.code.t
ex
\pgfkeys@tmptoks=\toks38
))
\pgf@x=\dimen271
\pgf@y=\dimen272
\pgf@xa=\dimen273
\pgf@ya=\dimen274
\pgf@xb=\dimen275
\pgf@yb=\dimen276
\pgf@xc=\dimen277
\pgf@yc=\dimen278
\pgf@xd=\dimen279
\pgf@yd=\dimen280
\w@pgf@writea=\write4
\r@pgf@reada=\read4
\c@pgf@counta=\count331
\c@pgf@countb=\count332
\c@pgf@countc=\count333
\c@pgf@countd=\count334
\t@pgf@toka=\toks39
\t@pgf@tokb=\toks40
\t@pgf@tokc=\toks41
\pgf@sys@id@count=\count335
 (/usr/share/texlive/texmf-dist/tex/generic/pgf/systemlayer/pgf.cfg
File: pgf.cfg 2020/01/08 v3.1.5b (3.1.5b)
)
Driver file for pgf: pgfsys-pdftex.def

(/usr/share/texlive/texmf-dist/tex/generic/pgf/systemlayer/pgfsys-pdftex.def
File: pgfsys-pdftex.def 2020/01/08 v3.1.5b (3.1.5b)

(/usr/share/texlive/texmf-dist/tex/generic/pgf/systemlayer/pgfsys-common-pdf.de
f
File: pgfsys-common-pdf.def 2020/01/08 v3.1.5b (3.1.5b)
)))
(/usr/share/texlive/texmf-dist/tex/generic/pgf/systemlayer/pgfsyssoftpath.code.
tex
File: pgfsyssoftpath.code.tex 2020/01/08 v3.1.5b (3.1.5b)
\pgfsyssoftpath@smallbuffer@items=\count336
\pgfsyssoftpath@bigbuffer@items=\count337
)
(/usr/share/texlive/texmf-dist/tex/generic/pgf/systemlayer/pgfsysprotocol.code.
tex
File: pgfsysprotocol.code.tex 2020/01/08 v3.1.5b (3.1.5b)
))
(/usr/share/texlive/texmf-dist/tex/generic/pgf/basiclayer/pgfcore.code.tex
Package: pgfcore 2020/01/08 v3.1.5b (3.1.5b)

(/usr/share/texlive/texmf-dist/tex/generic/pgf/math/pgfmath.code.tex
(/usr/share/texlive/texmf-dist/tex/generic/pgf/math/pgfmathcalc.code.tex
(/usr/share/texlive/texmf-dist/tex/generic/pgf/math/pgfmathutil.code.tex)
(/usr/share/texlive/texmf-dist/tex/generic/pgf/math/pgfmathparser.code.tex
\pgfmath@dimen=\dimen281
\pgfmath@count=\count338
\pgfmath@box=\box106
\pgfmath@toks=\toks42
\pgfmath@stack@operand=\toks43
\pgfmath@stack@operation=\toks44
)
(/usr/share/texlive/texmf-dist/tex/generic/pgf/math/pgfmathfunctions.code.tex
(/usr/share/texlive/texmf-dist/tex/generic/pgf/math/pgfmathfunctions.basic.code
.tex)
(/usr/share/texlive/texmf-dist/tex/generic/pgf/math/pgfmathfunctions.trigonomet
ric.code.tex)
(/usr/share/texlive/texmf-dist/tex/generic/pgf/math/pgfmathfunctions.random.cod
e.tex)
(/usr/share/texlive/texmf-dist/tex/generic/pgf/math/pgfmathfunctions.comparison
.code.tex)
(/usr/share/texlive/texmf-dist/tex/generic/pgf/math/pgfmathfunctions.base.code.
tex)
(/usr/share/texlive/texmf-dist/tex/generic/pgf/math/pgfmathfunctions.round.code
.tex)
(/usr/share/texlive/texmf-dist/tex/generic/pgf/math/pgfmathfunctions.misc.code.
tex)
(/usr/share/texlive/texmf-dist/tex/generic/pgf/math/pgfmathfunctions.integerari
thmetics.code.tex)))
(/usr/share/texlive/texmf-dist/tex/generic/pgf/math/pgfmathfloat.code.tex
\c@pgfmathroundto@lastzeros=\count339
))
(/usr/share/texlive/texmf-dist/tex/generic/pgf/math/pgfint.code.tex)
(/usr/share/texlive/texmf-dist/tex/generic/pgf/basiclayer/pgfcorepoints.code.te
x
File: pgfcorepoints.code.tex 2020/01/08 v3.1.5b (3.1.5b)
\pgf@picminx=\dimen282
\pgf@picmaxx=\dimen283
\pgf@picminy=\dimen284
\pgf@picmaxy=\dimen285
\pgf@pathminx=\dimen286
\pgf@pathmaxx=\dimen287
\pgf@pathminy=\dimen288
\pgf@pathmaxy=\dimen289
\pgf@xx=\dimen290
\pgf@xy=\dimen291
\pgf@yx=\dimen292
\pgf@yy=\dimen293
\pgf@zx=\dimen294
\pgf@zy=\dimen295
)
(/usr/share/texlive/texmf-dist/tex/generic/pgf/basiclayer/pgfcorepathconstruct.
code.tex
File: pgfcorepathconstruct.code.tex 2020/01/08 v3.1.5b (3.1.5b)
\pgf@path@lastx=\dimen296
\pgf@path@lasty=\dimen297
)
(/usr/share/texlive/texmf-dist/tex/generic/pgf/basiclayer/pgfcorepathusage.code
.tex
File: pgfcorepathusage.code.tex 2020/01/08 v3.1.5b (3.1.5b)
\pgf@shorten@end@additional=\dimen298
\pgf@shorten@start@additional=\dimen299
)
(/usr/share/texlive/texmf-dist/tex/generic/pgf/basiclayer/pgfcorescopes.code.te
x
File: pgfcorescopes.code.tex 2020/01/08 v3.1.5b (3.1.5b)
\pgfpic=\box107
\pgf@hbox=\box108
\pgf@layerbox@main=\box109
\pgf@picture@serial@count=\count340
)
(/usr/share/texlive/texmf-dist/tex/generic/pgf/basiclayer/pgfcoregraphicstate.c
ode.tex
File: pgfcoregraphicstate.code.tex 2020/01/08 v3.1.5b (3.1.5b)
\pgflinewidth=\dimen300
)
(/usr/share/texlive/texmf-dist/tex/generic/pgf/basiclayer/pgfcoretransformation
s.code.tex
File: pgfcoretransformations.code.tex 2020/01/08 v3.1.5b (3.1.5b)
\pgf@pt@x=\dimen301
\pgf@pt@y=\dimen302
\pgf@pt@temp=\dimen303
)
(/usr/share/texlive/texmf-dist/tex/generic/pgf/basiclayer/pgfcorequick.code.tex
File: pgfcorequick.code.tex 2020/01/08 v3.1.5b (3.1.5b)
)
(/usr/share/texlive/texmf-dist/tex/generic/pgf/basiclayer/pgfcoreobjects.code.t
ex
File: pgfcoreobjects.code.tex 2020/01/08 v3.1.5b (3.1.5b)
)
(/usr/share/texlive/texmf-dist/tex/generic/pgf/basiclayer/pgfcorepathprocessing
.code.tex
File: pgfcorepathprocessing.code.tex 2020/01/08 v3.1.5b (3.1.5b)
)
(/usr/share/texlive/texmf-dist/tex/generic/pgf/basiclayer/pgfcorearrows.code.te
x
File: pgfcorearrows.code.tex 2020/01/08 v3.1.5b (3.1.5b)
\pgfarrowsep=\dimen304
)
(/usr/share/texlive/texmf-dist/tex/generic/pgf/basiclayer/pgfcoreshade.code.tex
File: pgfcoreshade.code.tex 2020/01/08 v3.1.5b (3.1.5b)
\pgf@max=\dimen305
\pgf@sys@shading@range@num=\count341
\pgf@shadingcount=\count342
)
(/usr/share/texlive/texmf-dist/tex/generic/pgf/basiclayer/pgfcoreimage.code.tex
File: pgfcoreimage.code.tex 2020/01/08 v3.1.5b (3.1.5b)

(/usr/share/texlive/texmf-dist/tex/generic/pgf/basiclayer/pgfcoreexternal.code.
tex
File: pgfcoreexternal.code.tex 2020/01/08 v3.1.5b (3.1.5b)
\pgfexternal@startupbox=\box110
))
(/usr/share/texlive/texmf-dist/tex/generic/pgf/basiclayer/pgfcorelayers.code.te
x
File: pgfcorelayers.code.tex 2020/01/08 v3.1.5b (3.1.5b)
)
(/usr/share/texlive/texmf-dist/tex/generic/pgf/basiclayer/pgfcoretransparency.c
ode.tex
File: pgfcoretransparency.code.tex 2020/01/08 v3.1.5b (3.1.5b)
)
(/usr/share/texlive/texmf-dist/tex/generic/pgf/basiclayer/pgfcorepatterns.code.
tex
File: pgfcorepatterns.code.tex 2020/01/08 v3.1.5b (3.1.5b)
)
(/usr/share/texlive/texmf-dist/tex/generic/pgf/basiclayer/pgfcorerdf.code.tex
File: pgfcorerdf.code.tex 2020/01/08 v3.1.5b (3.1.5b)
)))
(/usr/share/texlive/texmf-dist/tex/generic/pgf/modules/pgfmoduleshapes.code.tex
File: pgfmoduleshapes.code.tex 2020/01/08 v3.1.5b (3.1.5b)
\pgfnodeparttextbox=\box111
) (/usr/share/texlive/texmf-dist/tex/generic/pgf/modules/pgfmoduleplot.code.tex
File: pgfmoduleplot.code.tex 2020/01/08 v3.1.5b (3.1.5b)
)
(/usr/share/texlive/texmf-dist/tex/latex/pgf/compatibility/pgfcomp-version-0-65
.sty
Package: pgfcomp-version-0-65 2020/01/08 v3.1.5b (3.1.5b)
\pgf@nodesepstart=\dimen306
\pgf@nodesepend=\dimen307
)
(/usr/share/texlive/texmf-dist/tex/latex/pgf/compatibility/pgfcomp-version-1-18
.sty
Package: pgfcomp-version-1-18 2020/01/08 v3.1.5b (3.1.5b)
)) (/usr/share/texlive/texmf-dist/tex/latex/pgf/utilities/pgffor.sty
(/usr/share/texlive/texmf-dist/tex/latex/pgf/utilities/pgfkeys.sty
(/usr/share/texlive/texmf-dist/tex/generic/pgf/utilities/pgfkeys.code.tex))
(/usr/share/texlive/texmf-dist/tex/latex/pgf/math/pgfmath.sty
(/usr/share/texlive/texmf-dist/tex/generic/pgf/math/pgfmath.code.tex))
(/usr/share/texlive/texmf-dist/tex/generic/pgf/utilities/pgffor.code.tex
Package: pgffor 2020/01/08 v3.1.5b (3.1.5b)

(/usr/share/texlive/texmf-dist/tex/generic/pgf/math/pgfmath.code.tex)
\pgffor@iter=\dimen308
\pgffor@skip=\dimen309
\pgffor@stack=\toks45
\pgffor@toks=\toks46
))
(/usr/share/texlive/texmf-dist/tex/generic/pgf/frontendlayer/tikz/tikz.code.tex
Package: tikz 2020/01/08 v3.1.5b (3.1.5b)

(/usr/share/texlive/texmf-dist/tex/generic/pgf/libraries/pgflibraryplothandlers
.code.tex
File: pgflibraryplothandlers.code.tex 2020/01/08 v3.1.5b (3.1.5b)
\pgf@plot@mark@count=\count343
\pgfplotmarksize=\dimen310
)
\tikz@lastx=\dimen311
\tikz@lasty=\dimen312
\tikz@lastxsaved=\dimen313
\tikz@lastysaved=\dimen314
\tikz@lastmovetox=\dimen315
\tikz@lastmovetoy=\dimen316
\tikzleveldistance=\dimen317
\tikzsiblingdistance=\dimen318
\tikz@figbox=\box112
\tikz@figbox@bg=\box113
\tikz@tempbox=\box114
\tikz@tempbox@bg=\box115
\tikztreelevel=\count344
\tikznumberofchildren=\count345
\tikznumberofcurrentchild=\count346
\tikz@fig@count=\count347

(/usr/share/texlive/texmf-dist/tex/generic/pgf/modules/pgfmodulematrix.code.tex
File: pgfmodulematrix.code.tex 2020/01/08 v3.1.5b (3.1.5b)
\pgfmatrixcurrentrow=\count348
\pgfmatrixcurrentcolumn=\count349
\pgf@matrix@numberofcolumns=\count350
)
\tikz@expandcount=\count351

(/usr/share/texlive/texmf-dist/tex/generic/pgf/frontendlayer/tikz/libraries/tik
zlibrarytopaths.code.tex
File: tikzlibrarytopaths.code.tex 2020/01/08 v3.1.5b (3.1.5b)
)))
(/usr/share/texlive/texmf-dist/tex/latex/mdframed/md-frame-1.mdf
File: md-frame-1.mdf 2013/07/01\ 1.9b: md-frame-1
)
\mdf@frametitlebox=\box116
\mdf@footnotebox=\box117
\mdf@splitbox@one=\box118
\mdf@splitbox@two=\box119
\mdf@splitbox@save=\box120
\mdfsplitboxwidth=\skip109
\mdfsplitboxtotalwidth=\skip110
\mdfsplitboxheight=\skip111
\mdfsplitboxdepth=\skip112
\mdfsplitboxtotalheight=\skip113
\mdfframetitleboxwidth=\skip114
\mdfframetitleboxtotalwidth=\skip115
\mdfframetitleboxheight=\skip116
\mdfframetitleboxdepth=\skip117
\mdfframetitleboxtotalheight=\skip118
\mdffootnoteboxwidth=\skip119
\mdffootnoteboxtotalwidth=\skip120
\mdffootnoteboxheight=\skip121
\mdffootnoteboxdepth=\skip122
\mdffootnoteboxtotalheight=\skip123
\mdftotallinewidth=\skip124
\mdfboundingboxwidth=\skip125
\mdfboundingboxtotalwidth=\skip126
\mdfboundingboxheight=\skip127
\mdfboundingboxdepth=\skip128
\mdfboundingboxtotalheight=\skip129
\mdf@freevspace@length=\skip130
\mdf@horizontalwidthofbox@length=\skip131
\mdf@verticalmarginwhole@length=\skip132
\mdf@horizontalspaceofbox=\skip133
\mdfsubtitleheight=\skip134
\mdfsubsubtitleheight=\skip135
\c@mdfcountframes=\count352

****** mdframed patching \endmdf@trivlist

****** -- success******

\mdf@envdepth=\count353
\c@mdf@env@i=\count354
\c@mdf@env@ii=\count355
\c@mdf@zref@counter=\count356
Package zref Info: New property: mdf@pagevalue on input line 895.
)
\c@doconceexercisecounter=\count357

(/usr/share/texlive/texmf-dist/tex/latex/chngcntr/chngcntr.sty
Package: chngcntr 2018/04/09 v1.1a change counter resetting
Package chngcntr Info: \counterwithout already defined.
(chngcntr)             Quitting chngcntr on input line 21.
)
\@indexfile=\write5
\openout5 = `book.idx'.


Writing index file book.idx
(/usr/share/texlive/texmf-dist/tex/latex/idxlayout/idxlayout.sty
Package: idxlayout 2012/03/30 v0.4d Configurable index layout
\c@idxcols=\count358
\indexcolsep=\skip136
\indexrule=\skip137
\ila@indentunit=\skip138
\ila@initsep=\skip139
)
(/usr/share/texlive/texmf-dist/tex/latex/tocbibind/tocbibind.sty
Package: tocbibind 2010/10/13 v1.5k extra ToC listings
Package tocbibind Info: The document has chapter divisions on input line 50.


Package tocbibind Note: Using chapter style headings, unless overridden.

) (/usr/share/texlive/texmf-dist/tex/latex/ragged2e/ragged2e.sty
Package: ragged2e 2019/07/28 v2.2 ragged2e Package (MS)

(/usr/share/texlive/texmf-dist/tex/latex/ms/everysel.sty
Package: everysel 2011/10/28 v1.2 EverySelectfont Package (MS)
)
\CenteringLeftskip=\skip140
\RaggedLeftLeftskip=\skip141
\RaggedRightLeftskip=\skip142
\CenteringRightskip=\skip143
\RaggedLeftRightskip=\skip144
\RaggedRightRightskip=\skip145
\CenteringParfillskip=\skip146
\RaggedLeftParfillskip=\skip147
\RaggedRightParfillskip=\skip148
\JustifyingParfillskip=\skip149
\CenteringParindent=\skip150
\RaggedLeftParindent=\skip151
\RaggedRightParindent=\skip152
\JustifyingParindent=\skip153
)

LaTeX Warning: Unused global option(s):
    [sectrefs,open=right].

(./book.aux)
\openout1 = `book.aux'.

LaTeX Font Info:    Checking defaults for OML/cmm/m/it on input line 281.
LaTeX Font Info:    ... okay on input line 281.
LaTeX Font Info:    Checking defaults for OMS/cmsy/m/n on input line 281.
LaTeX Font Info:    ... okay on input line 281.
LaTeX Font Info:    Checking defaults for OT1/cmr/m/n on input line 281.
LaTeX Font Info:    ... okay on input line 281.
LaTeX Font Info:    Checking defaults for T1/cmr/m/n on input line 281.
LaTeX Font Info:    ... okay on input line 281.
LaTeX Font Info:    Checking defaults for TS1/cmr/m/n on input line 281.
LaTeX Font Info:    ... okay on input line 281.
LaTeX Font Info:    Checking defaults for OMX/cmex/m/n on input line 281.
LaTeX Font Info:    ... okay on input line 281.
LaTeX Font Info:    Checking defaults for U/cmr/m/n on input line 281.
LaTeX Font Info:    ... okay on input line 281.
LaTeX Font Info:    Checking defaults for PD1/pdf/m/n on input line 281.
LaTeX Font Info:    ... okay on input line 281.
LaTeX Font Info:    Trying to load font information for T1+lmr on input line 28
1.
 (/usr/share/texmf/tex/latex/lm/t1lmr.fd
File: t1lmr.fd 2009/10/30 v1.6 Font defs for Latin Modern
)
(/usr/share/texlive/texmf-dist/tex/context/base/mkii/supp-pdf.mkii
[Loading MPS to PDF converter (version 2006.09.02).]
\scratchcounter=\count359
\scratchdimen=\dimen319
\scratchbox=\box121
\nofMPsegments=\count360
\nofMParguments=\count361
\everyMPshowfont=\toks47
\MPscratchCnt=\count362
\MPscratchDim=\dimen320
\MPnumerator=\count363
\makeMPintoPDFobject=\count364
\everyMPtoPDFconversion=\toks48
) (/usr/share/texlive/texmf-dist/tex/latex/epstopdf-pkg/epstopdf-base.sty
Package: epstopdf-base 2020-01-24 v2.11 Base part for package epstopdf
Package epstopdf-base Info: Redefining graphics rule for `.eps' on input line 4
85.

(/usr/share/texlive/texmf-dist/tex/latex/latexconfig/epstopdf-sys.cfg
File: epstopdf-sys.cfg 2010/07/13 v1.3 Configuration of (r)epstopdf for TeX Liv
e
))
Package caption Info: Begin \AtBeginDocument code.
Package caption Info: hyperref package is loaded.
Package caption Info: listings package is loaded.
Package caption Info: longtable package is loaded.

(/usr/share/texlive/texmf-dist/tex/latex/caption/ltcaption.sty
Package: ltcaption 2018/08/26 v1.4a longtable captions (AR)
)
Package caption Info: wrapfig package is loaded.
Package caption Info: End \AtBeginDocument code.
LaTeX Info: Redefining \microtypecontext on input line 281.
Package microtype Info: Generating PDF output.
Package microtype Info: Character protrusion enabled (level 2).
Package microtype Info: Using default protrusion set `alltext'.
Package microtype Info: Automatic font expansion enabled (level 2),
(microtype)             stretch: 20, shrink: 20, step: 1, non-selected.
Package microtype Info: Using default expansion set `basictext'.
LaTeX Info: Redefining \showhyphens on input line 281.
Package microtype Info: No adjustment of tracking.
Package microtype Info: No adjustment of interword spacing.
Package microtype Info: No adjustment of character kerning.

(/usr/share/texlive/texmf-dist/tex/latex/microtype/mt-cmr.cfg
File: mt-cmr.cfg 2013/05/19 v2.2 microtype config. file: Computer Modern Roman 
(RS)
)
\c@lstlisting=\count365

(/usr/share/texlive/texmf-dist/tex/latex/ucs/ucsencs.def
File: ucsencs.def 2011/01/21 Fixes to fontencodings LGR, T3
)
\AtBeginShipoutBox=\box122
Package hyperref Info: Link coloring ON on input line 281.

(/usr/share/texlive/texmf-dist/tex/latex/hyperref/nameref.sty
Package: nameref 2019/09/16 v2.46 Cross-referencing by name of section

(/usr/share/texlive/texmf-dist/tex/latex/refcount/refcount.sty
Package: refcount 2019/12/15 v3.6 Data extraction from label references (HO)
)
(/usr/share/texlive/texmf-dist/tex/generic/gettitlestring/gettitlestring.sty
Package: gettitlestring 2019/12/15 v1.6 Cleanup title references (HO)
)
\c@section@level=\count366
)
LaTeX Info: Redefining \ref on input line 281.
LaTeX Info: Redefining \pageref on input line 281.
LaTeX Info: Redefining \nameref on input line 281.

(./book.out) (./book.out)
\@outlinefile=\write6
\openout6 = `book.out'.

 ABD: EveryShipout initializing macros
ABD: EverySelectfont initializing macros
LaTeX Info: Redefining \selectfont on input line 281.
 (./newcommands_keep.tex)
LaTeX Font Info:    Trying to load font information for T1+lmss on input line 3
19.

(/usr/share/texmf/tex/latex/lm/t1lmss.fd
File: t1lmss.fd 2009/10/30 v1.6 Font defs for Latin Modern
)
Package microtype Info: Loading generic protrusion settings for font family
(microtype)             `lmss' (encoding: T1).
(microtype)             For optimal results, create family-specific settings.
(microtype)             See the microtype manual for details.
LaTeX Font Info:    Calculating math sizes for size <14> on input line 319.
LaTeX Font Info:    Trying to load font information for OT1+lmr on input line 3
19.

(/usr/share/texmf/tex/latex/lm/ot1lmr.fd
File: ot1lmr.fd 2009/10/30 v1.6 Font defs for Latin Modern
)
LaTeX Font Info:    Trying to load font information for OML+lmm on input line 3
19.

(/usr/share/texmf/tex/latex/lm/omllmm.fd
File: omllmm.fd 2009/10/30 v1.6 Font defs for Latin Modern
)
LaTeX Font Info:    Trying to load font information for OMS+lmsy on input line 
319.

(/usr/share/texmf/tex/latex/lm/omslmsy.fd
File: omslmsy.fd 2009/10/30 v1.6 Font defs for Latin Modern
)
LaTeX Font Info:    Trying to load font information for OMX+lmex on input line 
319.

(/usr/share/texmf/tex/latex/lm/omxlmex.fd
File: omxlmex.fd 2009/10/30 v1.6 Font defs for Latin Modern
)
LaTeX Font Info:    External font `lmex10' loaded for size
(Font)              <14> on input line 319.
LaTeX Font Info:    External font `lmex10' loaded for size
(Font)              <9.79996> on input line 319.
LaTeX Font Info:    External font `lmex10' loaded for size
(Font)              <7> on input line 319.
LaTeX Font Info:    Trying to load font information for U+msa on input line 319
.

(/usr/share/texlive/texmf-dist/tex/latex/amsfonts/umsa.fd
File: umsa.fd 2013/01/14 v3.01 AMS symbols A
)
(/usr/share/texlive/texmf-dist/tex/latex/microtype/mt-msa.cfg
File: mt-msa.cfg 2006/02/04 v1.1 microtype config. file: AMS symbols (a) (RS)
)
LaTeX Font Info:    Trying to load font information for U+msb on input line 319
.

(/usr/share/texlive/texmf-dist/tex/latex/amsfonts/umsb.fd
File: umsb.fd 2013/01/14 v3.01 AMS symbols B
)
(/usr/share/texlive/texmf-dist/tex/latex/microtype/mt-msb.cfg
File: mt-msb.cfg 2005/06/01 v1.0 microtype config. file: AMS symbols (b) (RS)
) [3


Non-PDF special ignored!
<special> papersize=178mm,254mm


{/var/lib/texmf/fonts/map/pdftex/updmap/pdftex.map}] [4



]
Underfull \hbox (badness 10000) in paragraph at lines 336--337

 []

LaTeX Font Info:    Calculating math sizes for size <8.5> on input line 343.
LaTeX Font Info:    External font `lmex10' loaded for size
(Font)              <8.5> on input line 343.
LaTeX Font Info:    External font `lmex10' loaded for size
(Font)              <5.94997> on input line 343.
LaTeX Font Info:    External font `lmex10' loaded for size
(Font)              <4.25> on input line 343.

LaTeX Font Warning: Font shape `OT1/cmr/bx/n' in size <8.5> not available
(Font)              size <8> substituted on input line 343.


LaTeX Font Warning: Font shape `OT1/cmr/bx/n' in size <4.25> not available
(Font)              size <5> substituted on input line 343.


LaTeX Font Warning: Font shape `OML/cmm/b/it' in size <8.5> not available
(Font)              size <8> substituted on input line 343.


LaTeX Font Warning: Font shape `OML/cmm/b/it' in size <4.25> not available
(Font)              size <5> substituted on input line 343.


LaTeX Font Warning: Font shape `OMS/cmsy/b/n' in size <8.5> not available
(Font)              size <8> substituted on input line 343.


LaTeX Font Warning: Font shape `OMS/cmsy/b/n' in size <4.25> not available
(Font)              size <5> substituted on input line 343.

LaTeX Font Info:    Trying to load font information for T1+lmtt on input line 3
43.
(/usr/share/texmf/tex/latex/lm/t1lmtt.fd
File: t1lmtt.fd 2009/10/30 v1.6 Font defs for Latin Modern
)
Package microtype Info: Loading generic protrusion settings for font family
(microtype)             `lmtt' (encoding: T1).
(microtype)             For optimal results, create family-specific settings.
(microtype)             See the microtype manual for details.

Overfull \hbox (5.82089pt too wide) in paragraph at lines 343--343
[] [][]\T1/lmtt/m/n/8.5 https://github.com/ahiorth/CompEngineering/tree/master/
pub/chapters| 
 []


Overfull \hbox (5.82089pt too wide) in paragraph at lines 344--344
[] [][]\T1/lmtt/m/n/8.5 https://github.com/ahiorth/CompEngineering/tree/master/
pub/chapters| 
 []

LaTeX Font Info:    Calculating math sizes for size <11> on input line 347.
LaTeX Font Info:    External font `lmex10' loaded for size
(Font)              <11> on input line 347.
LaTeX Font Info:    External font `lmex10' loaded for size
(Font)              <7.69997> on input line 347.
LaTeX Font Info:    External font `lmex10' loaded for size
(Font)              <5.5> on input line 347.

LaTeX Font Warning: Font shape `OT1/cmr/bx/n' in size <5.5> not available
(Font)              size <5> substituted on input line 347.


LaTeX Font Warning: Font shape `OML/cmm/b/it' in size <5.5> not available
(Font)              size <5> substituted on input line 347.


LaTeX Font Warning: Font shape `OMS/cmsy/b/n' in size <5.5> not available
(Font)              size <5> substituted on input line 347.


Underfull \hbox (badness 10000) has occurred while \output is active
[][][]
 []

[5] [6


]
Overfull \hbox (111.58464pt too wide) in paragraph at lines 351--351
|[] 
 []

[7] [8]
Overfull \hbox (111.58464pt too wide) in paragraph at lines 376--376
|[] 
 []

(./book.toc [9


] [10]
Underfull \hbox (badness 10000) has occurred while \output is active
[][][]
 []

[11])
\tf@toc=\write7
\openout7 = `book.toc'.

 [12]
Chapter 1.

Overfull \hbox (111.58464pt too wide) in paragraph at lines 383--383
|[] 
 []

Package mdframed Info: mdframed works in twoside mode on input line 396.
[1




]
LaTeX Font Info:    Trying to load font information for TS1+lmr on input line 4
08.
 (/usr/share/texmf/tex/latex/lm/ts1lmr.fd
File: ts1lmr.fd 2009/10/30 v1.6 Font defs for Latin Modern
)
Underfull \hbox (badness 10000) in paragraph at lines 410--411
[]\T1/lmr/m/n/11 (+20) Naming of vari-ables and func-tions. Should you write
 []

[2]
<fig-python/vscode.png, id=663, 925.494pt x 250.317pt>
File: fig-python/vscode.png Graphic file (type png)
<use fig-python/vscode.png>
Package pdftex.def Info: fig-python/vscode.png  used on input line 442.
(pdftex.def)             Requested size: 332.89723pt x 90.03764pt.
 [3] (/usr/share/texlive/texmf-dist/tex/latex/listings/lstlang1.sty
File: lstlang1.sty 2019/09/10 1.8c listings language file
)
LaTeX Font Info:    Font shape `T1/lmtt/bx/n' in size <8.5> not available
(Font)              Font shape `T1/lmtt/b/n' tried instead on input line 465.

[4 <./fig-python/vscode.png>] [5]
Package mdframed Info: mdframed works in twoside mode on input line 532.

Underfull \hbox (badness 10000) in paragraph at lines 573--574
[]\T1/lmr/m/n/11 (+20) Now [],
 []

[6]
Package mdframed Info: mdframed works in twoside mode on input line 619.
 [7]
Package mdframed Info: mdframed works in twoside mode on input line 655.
 [8] [9] [10]
<fig-python/plt_loop.png, id=823, 373.395pt x 248.93pt>
File: fig-python/plt_loop.png Graphic file (type png)
<use fig-python/plt_loop.png>
Package pdftex.def Info: fig-python/plt_loop.png  used on input line 865.
(pdftex.def)             Requested size: 332.89723pt x 221.94202pt.
 [11 <./fig-python/plt_loop.png>]
Package mdframed Info: mdframed works in twoside mode on input line 904.
 [12] [13] [14]
LaTeX Font Info:    Font shape `T1/lmtt/bx/n' in size <11> not available
(Font)              Font shape `T1/lmtt/b/n' tried instead on input line 1057.
Package mdframed Info: mdframed works in twoside mode on input line 1082.
Package mdframed Info: mdframed works in twoside mode on input line 1093.


Package mdframed Warning: You got a bad break
(mdframed)                because the last box will be empty
(mdframed)                you have to change it manually
(mdframed)                by changing the text, the space
(mdframed)                or something else on input line 1095.

[15] [16] [17]
Package mdframed Info: mdframed works in twoside mode on input line 1262.
Package mdframed Info: mdframed works in twoside mode on input line 1273.
 [18] [19] [20]
Package mdframed Info: mdframed works in twoside mode on input line 1392.
 [21] [22]
Chapter 2.

Overfull \hbox (111.58464pt too wide) in paragraph at lines 1460--1460
|[] 
 []

[23


]
Package mdframed Info: mdframed works in twoside mode on input line 1487.
Package mdframed Info: mdframed works in twoside mode on input line 1513.
 [24]
<fig-pandas/covid_comb.png, id=1112, 1543.7675pt x 300.12125pt>
File: fig-pandas/covid_comb.png Graphic file (type png)
<use fig-pandas/covid_comb.png>
Package pdftex.def Info: fig-pandas/covid_comb.png  used on input line 1543.
(pdftex.def)             Requested size: 332.89723pt x 64.71715pt.

Overfull \hbox (9.09756pt too wide) in paragraph at lines 1555--1557
[][][][][][][][][][][][][][][][][][][][][][][][][][][][][][][][][][][] 
 []

Package mdframed Info: mdframed works in twoside mode on input line 1563.
[25 <./fig-pandas/covid_comb.png>]
Package mdframed Info: mdframed works in twoside mode on input line 1589.
 [26]
Package mdframed Info: mdframed works in twoside mode on input line 1647.
Package mdframed Info: mdframed works in twoside mode on input line 1657.

Overfull \hbox (95.5772pt too wide) in paragraph at lines 1686--1686
[] [][]\T1/lmtt/m/n/8.5 https://pandas.pydata.org/pandas-docs/version/1.2.4/ref
erence/api/pandas.Series.str.strip.html| 
 []

Package mdframed Info: mdframed works in twoside mode on input line 1700.

Underfull \hbox (badness 1852) in paragraph at lines 1701--1702
\T1/lmr/m/n/11 (+20) Vari-ables of the type \T1/lmtt/m/n/11 datetime \T1/lmr/m/
n/11 (+20) (or equiv-a-lently \T1/lmtt/m/n/11 timestamp
 []


Underfull \hbox (badness 3428) in paragraph at lines 1701--1702
\T1/lmtt/m/n/11 YYYY-MM-DD hh:mm:ss\T1/lmr/m/n/11 (+20) . We can ini-tial-ize a
 vari-able, \T1/lmtt/m/n/11 a\T1/lmr/m/n/11 (+20) , by
 []

[27]
Package mdframed Info: Not enough space on this page on input line 1702.
 [28]
Package mdframed Info: mdframed works in twoside mode on input line 1820.
 [29]
Package mdframed Info: Not enough space on this page on input line 1822.

Overfull \hbox (37.56477pt too wide) in paragraph at lines 1830--1830
[] [][]\T1/lmtt/m/n/8.5 https://numpy.org/doc/stable/reference/random/generated
/numpy.random.uniform.html| 
 []

[30]
Overfull \hbox (6.32732pt too wide) in paragraph at lines 1956--1956
[] [][]\T1/lmtt/m/n/8.5 https://pandas.pydata.org/docs/reference/api/pandas.Dat
aFrame.groupby.html| 
 []

[31]
Underfull \hbox (badness 3579) in paragraph at lines 1967--1969
[]\T1/lmr/m/n/11 (+20) Another case could be that we wanted to find the to-tal
 []


Underfull \hbox (badness 3058) in paragraph at lines 1967--1969
\T1/lmr/m/n/11 (+20) num-ber of con-firmed, deaths and re-cov-ered cases in the
 full
 []


Underfull \hbox (badness 2088) in paragraph at lines 1967--1969
\T1/lmr/m/n/11 (+20) database. As al-ways in Python this can be done in dif-fer
-ent
 []


Underfull \hbox (badness 3386) in paragraph at lines 1967--1969
\T1/lmr/m/n/11 (+20) ways, by e.g. split-ting the database into in-di-vid-ual c
oun-tries
 []


Underfull \hbox (badness 2503) in paragraph at lines 1967--1969
\T1/lmr/m/n/11 (+20) and do \T1/lmtt/m/n/11 df[['CONFIRMED','DEATHS','RECOVERED
']].sum() \T1/lmr/m/n/11 (+20) or ac-
 []


Underfull \hbox (badness 3271) in paragraph at lines 1967--1969
\T1/lmr/m/n/11 (+20) cess-ing each col-umn in-di-vid-u-ally and sum each of the
m e.g.
 []

<fig-pandas/group.png, id=1280, 660.5478pt x 112.0185pt>
File: fig-pandas/group.png Graphic file (type png)
<use fig-pandas/group.png>
Package pdftex.def Info: fig-pandas/group.png  used on input line 1979.
(pdftex.def)             Requested size: 332.89723pt x 56.45522pt.
[32 <./fig-pandas/group.png>]
<fig-pandas/describe.png, id=1296, 455.45157pt x 242.40562pt>
File: fig-pandas/describe.png Graphic file (type png)
<use fig-pandas/describe.png>
Package pdftex.def Info: fig-pandas/describe.png  used on input line 1998.
(pdftex.def)             Requested size: 332.89723pt x 177.18024pt.
 [33 <./fig-pandas/describe.png>]
<fig-pandas/concat.png, id=1324, 840.5001pt x 393.1488pt>
File: fig-pandas/concat.png Graphic file (type png)
<use fig-pandas/concat.png>
Package pdftex.def Info: fig-pandas/concat.png  used on input line 2060.
(pdftex.def)             Requested size: 332.89723pt x 155.715pt.
 [34 <./fig-pandas/concat.png>]
<fig-pandas/fig_join.png, id=1350, 896.805pt x 167.754pt>
File: fig-pandas/fig_join.png Graphic file (type png)
<use fig-pandas/fig_join.png>
Package pdftex.def Info: fig-pandas/fig_join.png  used on input line 2114.
(pdftex.def)             Requested size: 332.89723pt x 62.27022pt.

Underfull \hbox (badness 10000) in paragraph at lines 2117--2117
[]\T1/lmss/bx/n/8.5 Fig. 2.5 \T1/lmr/m/n/8.5 (+20) The re-sult of us-ing \T1/lm
tt/m/n/8.5 how=outer, inner, left\T1/lmr/m/n/8.5 (+20) , or \T1/lmtt/m/n/8.5 ri
ght \T1/lmr/m/n/8.5 (+20) in
 []

<fig-pandas/merge.png, id=1352, 2030.58624pt x 502.87875pt>
File: fig-pandas/merge.png Graphic file (type png)
<use fig-pandas/merge.png>
Package pdftex.def Info: fig-pandas/merge.png  used on input line 2135.
(pdftex.def)             Requested size: 332.89723pt x 82.44196pt.
[35 <./fig-pandas/fig_join.png> <./fig-pandas/merge.png>]
Overfull \hbox (9.09756pt too wide) in paragraph at lines 2161--2162
[][][][][][][][][][][][][][][][][] 
 []


Overfull \hbox (48.36751pt too wide) in paragraph at lines 2162--2164
[][][][][][][][][][][][][][][][][][][] 
 []

<fig-pandas/merge3.png, id=1375, 840.5001pt x 224.7597pt>
File: fig-pandas/merge3.png Graphic file (type png)
<use fig-pandas/merge3.png>
Package pdftex.def Info: fig-pandas/merge3.png  used on input line 2168.
(pdftex.def)             Requested size: 332.89723pt x 89.02087pt.
[36 <./fig-pandas/merge3.png>]
Overfull \hbox (13.56006pt too wide) in paragraph at lines 2209--2210
[][][][][][][][][][][][][][][][][][][][][][][][][][][][][][][][] 
 []


Underfull \hbox (badness 3668) in paragraph at lines 2225--2226
[]\T1/lmr/m/n/11 (+20) If you run this code twice, it will pro-duce an er-ror b
e-
 []


Underfull \hbox (badness 5417) in paragraph at lines 2225--2226
\T1/lmr/m/n/11 (+20) cause the di-rec-tory al-ready ex-ists, then we can sim-pl
y do
 []

[37] [38] [39] [40] [41] [42]
Chapter 3.

Overfull \hbox (111.58464pt too wide) in paragraph at lines 2637--2637
|[] 
 []

[43


]
Package mdframed Info: mdframed works in twoside mode on input line 2652.
Package mdframed Info: mdframed works in twoside mode on input line 2668.
 [44]
<fig-taylor/func_plot.png, id=1615, 400.3758pt x 252.945pt>
File: fig-taylor/func_plot.png Graphic file (type png)
<use fig-taylor/func_plot.png>
Package pdftex.def Info: fig-taylor/func_plot.png  used on input line 2680.
(pdftex.def)             Requested size: 299.60547pt x 189.2953pt.
 [45 <./fig-taylor/func_plot.png>]
Package mdframed Info: mdframed works in twoside mode on input line 2707.

Overfull \hbox (2.40422pt too wide) detected at line 2713
[]
 []

[46]
Package mdframed Info: mdframed works in twoside mode on input line 2725.
<fig-taylor/mac_sin.png, id=1635, 393.6306pt x 271.7352pt>
File: fig-taylor/mac_sin.png Graphic file (type png)
<use fig-taylor/mac_sin.png>
Package pdftex.def Info: fig-taylor/mac_sin.png  used on input line 2734.
(pdftex.def)             Requested size: 299.60547pt x 206.8277pt.
Package mdframed Info: mdframed works in twoside mode on input line 2745.
 [47]
Package mdframed Info: mdframed works in twoside mode on input line 2759.
 [48 <./fig-taylor/mac_sin.png>] [49] [50]
<fig-taylor/fd.png, id=1695, 657.657pt x 432.6564pt>
File: fig-taylor/fd.png Graphic file (type png)
<use fig-taylor/fd.png>
Package pdftex.def Info: fig-taylor/fd.png  used on input line 2872.
(pdftex.def)             Requested size: 332.89723pt x 219.0146pt.
 [51 <./fig-taylor/fd.png>]
Package mdframed Info: mdframed works in twoside mode on input line 2905.

Overfull \hbox (11.15508pt too wide) in paragraph at lines 2971--2972
[][][][][][][][][][][][][][][][][][][][][][][][][][][][][][][][][][][][][][][][
][] 
 []


Overfull \hbox (11.15508pt too wide) in paragraph at lines 2972--2973
[][][][][][][][][][][][][][][][][][][][][][][][][][][][][][][][][][][][][][][][
][] 
 []


Overfull \hbox (46.85503pt too wide) in paragraph at lines 2973--2974
[][][][][][][][][][][][][][][][][][][][][][][][][][][][][][][][][][][][][][][][
][][][] 
 []


Overfull \hbox (11.15508pt too wide) in paragraph at lines 2974--2975
[][][][][][][][][][][][][][][][][][][][][][][][][][][][][][][][][][][][][][][] 

 []


Overfull \hbox (6.69258pt too wide) in paragraph at lines 2976--2978
[][][][][][][][][][][][][][][][][][][][][][][][][][][][][][][][][][][][][][][] 

 []

[52]
<fig-taylor/df2_mod.png, id=1740, 400.49625pt x 271.0125pt>
File: fig-taylor/df2_mod.png Graphic file (type png)
<use fig-taylor/df2_mod.png>
Package pdftex.def Info: fig-taylor/df2_mod.png  used on input line 2995.
(pdftex.def)             Requested size: 332.89723pt x 225.28354pt.
 [53 <./fig-taylor/df2_mod.png>]
Package mdframed Info: mdframed works in twoside mode on input line 3026.
 [54]
Package mdframed Info: mdframed works in twoside mode on input line 3075.
 [55]
Package mdframed Info: mdframed works in twoside mode on input line 3098.
 [56] [57]
<fig-taylor/64bit.png, id=1820, 920.7198pt x 151.767pt>
File: fig-taylor/64bit.png Graphic file (type png)
<use fig-taylor/64bit.png>
Package pdftex.def Info: fig-taylor/64bit.png  used on input line 3163.
(pdftex.def)             Requested size: 332.89723pt x 54.87459pt.
 [58 <./fig-taylor/64bit.png>]
Overfull \hbox (39.41183pt too wide) detected at line 3188
[]
 []

[59]
Package mdframed Info: mdframed works in twoside mode on input line 3199.
 [60] [61] [62


]
Chapter 4.

Overfull \hbox (111.58464pt too wide) in paragraph at lines 3241--3241
|[] 
 []

[63]
<fig-lin/flux.png, id=1873, 527.352pt x 467.127pt>
File: fig-lin/flux.png Graphic file (type png)
<use fig-lin/flux.png>
Package pdftex.def Info: fig-lin/flux.png  used on input line 3252.
(pdftex.def)             Requested size: 166.44861pt x 147.438pt.
 [64 <./fig-lin/flux.png>]
Package mdframed Info: mdframed works in twoside mode on input line 3288.
Package mdframed Info: mdframed works in twoside mode on input line 3300.
<fig-lin/grid.png, id=1888, 806.0514pt x 135.8676pt>
File: fig-lin/grid.png Graphic file (type png)
<use fig-lin/grid.png>
Package pdftex.def Info: fig-lin/grid.png  used on input line 3315.
(pdftex.def)             Requested size: 332.89723pt x 56.1124pt.
 [65]
Package mdframed Info: mdframed works in twoside mode on input line 3332.
 [66 <./fig-lin/grid.png>]
Package mdframed Info: mdframed works in twoside mode on input line 3348.
 [67]
(/usr/share/texlive/texmf-dist/tex/latex/ucs/data/uni-32.def
File: uni-32.def 2013/05/13 UCS: Unicode data U+2000..U+20FF
)
Overfull \hbox (5.55133pt too wide) detected at line 3397
[]
 []



pdfTeX warning: pdflatex (file ./fig-lin/bbc.pdf): PDF inclusion: found PDF ver
sion <1.7>, but at most version <1.5> allowed
<fig-lin/bbc.pdf, id=1926, 706.64pt x 252.945pt>
File: fig-lin/bbc.pdf Graphic file (type pdf)
<use fig-lin/bbc.pdf>
Package pdftex.def Info: fig-lin/bbc.pdf  used on input line 3401.
(pdftex.def)             Requested size: 332.89723pt x 119.16205pt.
[68]
Package mdframed Info: mdframed works in twoside mode on input line 3410.

Overfull \hbox (4.87862pt too wide) in paragraph at lines 3426--3428
\T1/lmr/m/n/11 (-20) Now, we have four equa-tions, but six un-knowns ($\OML/lmm
/m/it/11 T[]; T[]; T[]; T[]; T[]; T[]$\T1/lmr/m/n/11 (-20) ).
 []

Package mdframed Info: Box was splittet wrong
 starting loop to iterate the splitting point
(mdframed)              on input line 3462.
[69 <./fig-lin/bbc.pdf>] [70] [71]
Package mdframed Info: mdframed works in twoside mode on input line 3610.
 [72] [73]
Package mdframed Info: mdframed works in twoside mode on input line 3688.
 [74] [75]
Overfull \hbox (15.2523pt too wide) in paragraph at lines 3771--3771
[] [][]\T1/lmtt/m/n/8.5 https://docs.scipy.org/doc/numpy/reference/generated/nu
mpy.linalg.solve.html| 
 []

[76] [77] [78]
Package mdframed Info: mdframed works in twoside mode on input line 3908.
 [79]
<fig-lin/reg.png, id=2127, 653.3208pt x 380.1402pt>
File: fig-lin/reg.png Graphic file (type png)
<use fig-lin/reg.png>
Package pdftex.def Info: fig-lin/reg.png  used on input line 3972.
(pdftex.def)             Requested size: 299.60547pt x 174.32716pt.
 [80] [81 <./fig-lin/reg.png>] [82]
Overfull \hbox (135.73964pt too wide) in paragraph at lines 4088--4088
[] [][]\T1/lmtt/m/n/8.5 https://medium.com/@andrew.chamberlain/the-linear-algeb
ra-view-of-least-squares-regression-f67044b7f39b| 
 []


Overfull \hbox (50.95226pt too wide) in paragraph at lines 4090--4090
[] [][]\T1/lmtt/m/n/8.5 https://medium.com/@andrew.chamberlain/a-more-elegant-v
iew-of-r-squared-a0a14c177dc3| 
 []

[83] [84] [85] [86]
Package mdframed Info: mdframed works in twoside mode on input line 4271.
<fig-lin/heat.png, id=2269, 839.7774pt x 522.753pt>
File: fig-lin/heat.png Graphic file (type png)
<use fig-lin/heat.png>
Package pdftex.def Info: fig-lin/heat.png  used on input line 4295.
(pdftex.def)             Requested size: 299.60547pt x 186.49991pt.
 [87] [88 <./fig-lin/heat.png>]
<fig-lin/heat_grid.png, id=2302, 318.9516pt x 107.9232pt>
File: fig-lin/heat_grid.png Graphic file (type png)
<use fig-lin/heat_grid.png>
Package pdftex.def Info: fig-lin/heat_grid.png  used on input line 4369.
(pdftex.def)             Requested size: 166.44861pt x 56.32292pt.
 [89 <./fig-lin/heat_grid.png>]
Underfull \hbox (badness 3323) in paragraph at lines 4529--4530
[]\T1/lmr/m/n/11 (+20) The cor-rect so-lu-tion for $\OML/lmm/m/it/11 L \OT1/lmr
/m/n/11 (+20) = 1$ \T1/lmr/m/n/11 (+20) m, and $\OML/lmm/m/it/11 h \OT1/lmr/m/n
/11 (+20) = 1\OML/lmm/m/it/11 =\OT1/lmr/m/n/11 (+20) 4$\T1/lmr/m/n/11 (+20) , i
s:
 []


Underfull \hbox (badness 3579) in paragraph at lines 4529--4530
\T1/lmr/m/n/11 (+20) (cen-tral dif-fer-ence) and $\OT1/lmr/m/n/11 (+20) [\OML/l
mm/m/it/11 T[]; T[]:T[]; T[]\OT1/lmr/m/n/11 (+20) ]$\T1/lmr/m/n/11 (+20) =[62.8
7878788, 59.09090909,
 []

[90] [91]
LaTeX Font Info:    Calculating math sizes for size <13> on input line 4672.
LaTeX Font Info:    External font `lmex10' loaded for size
(Font)              <13> on input line 4672.
LaTeX Font Info:    External font `lmex10' loaded for size
(Font)              <9.09996> on input line 4672.
LaTeX Font Info:    External font `lmex10' loaded for size
(Font)              <6.5> on input line 4672.


LaTeX Font Warning: Font shape `OT1/cmr/bx/n' in size <13> not available
(Font)              size <12> substituted on input line 4672.


LaTeX Font Warning: Font shape `OT1/cmr/bx/n' in size <6.5> not available
(Font)              size <6> substituted on input line 4672.


LaTeX Font Warning: Font shape `OML/cmm/b/it' in size <13> not available
(Font)              size <12> substituted on input line 4672.


LaTeX Font Warning: Font shape `OML/cmm/b/it' in size <6.5> not available
(Font)              size <6> substituted on input line 4672.


LaTeX Font Warning: Font shape `OMS/cmsy/b/n' in size <13> not available
(Font)              size <12> substituted on input line 4672.


LaTeX Font Warning: Font shape `OMS/cmsy/b/n' in size <6.5> not available
(Font)              size <6> substituted on input line 4672.


Package hyperref Warning: Token not allowed in a PDF string (PDFDocEncoding):
(hyperref)                removing `math shift' on input line 4672.


Package hyperref Warning: Token not allowed in a PDF string (PDFDocEncoding):
(hyperref)                removing `subscript' on input line 4672.


Package hyperref Warning: Token not allowed in a PDF string (PDFDocEncoding):
(hyperref)                removing `math shift' on input line 4672.

<fig-lin/co2_diff.png, id=2402, 956.373pt x 428.3202pt>
File: fig-lin/co2_diff.png Graphic file (type png)
<use fig-lin/co2_diff.png>
Package pdftex.def Info: fig-lin/co2_diff.png  used on input line 4681.
(pdftex.def)             Requested size: 332.89723pt x 149.09082pt.
[92] [93 <./fig-lin/co2_diff.png>]
LaTeX Font Info:    External font `lmex10' loaded for size
(Font)              <5> on input line 4734.
 [94] [95] [96


]
Chapter 5.

Overfull \hbox (111.58464pt too wide) in paragraph at lines 4770--4770
|[] 
 []

[97]
<fig-nlin/fx.png, id=2475, 392.46625pt x 252.945pt>
File: fig-nlin/fx.png Graphic file (type png)
<use fig-nlin/fx.png>
Package pdftex.def Info: fig-nlin/fx.png  used on input line 4801.
(pdftex.def)             Requested size: 166.44861pt x 107.27827pt.
 [98 <./fig-nlin/fx.png>] [99]
<fig-nlin/vdw.png, id=2507, 416.2752pt x 318.7107pt>
File: fig-nlin/vdw.png Graphic file (type png)
<use fig-nlin/vdw.png>
Package pdftex.def Info: fig-nlin/vdw.png  used on input line 4847.
(pdftex.def)             Requested size: 332.89723pt x 254.88622pt.
 [100 <./fig-nlin/vdw.png>]
Package mdframed Info: mdframed works in twoside mode on input line 4858.
LaTeX Font Info:    External font `lmex10' loaded for size
(Font)              <12> on input line 4869.
LaTeX Font Info:    External font `lmex10' loaded for size
(Font)              <8> on input line 4869.
LaTeX Font Info:    External font `lmex10' loaded for size
(Font)              <6> on input line 4869.
 [101]
<fig-nlin/f_g_comb.png, id=2533, 763.85374pt x 251.94125pt>
File: fig-nlin/f_g_comb.png Graphic file (type png)
<use fig-nlin/f_g_comb.png>
Package pdftex.def Info: fig-nlin/f_g_comb.png  used on input line 4905.
(pdftex.def)             Requested size: 332.89723pt x 109.7973pt.
 [102 <./fig-nlin/f_g_comb.png>] [103] [104] [105]
<fig-nlin/bisection.png, id=2625, 560.8152pt x 521.7894pt>
File: fig-nlin/bisection.png Graphic file (type png)
<use fig-nlin/bisection.png>
Package pdftex.def Info: fig-nlin/bisection.png  used on input line 5148.
(pdftex.def)             Requested size: 332.89723pt x 309.73207pt.
 [106] [107 <./fig-nlin/bisection.png>]
Package mdframed Info: mdframed works in twoside mode on input line 5247.

[108]
<fig-nlin/newton_comb.png, id=2684, 862.9038pt x 285.7074pt>
File: fig-nlin/newton_comb.png Graphic file (type png)
<use fig-nlin/newton_comb.png>
Package pdftex.def Info: fig-nlin/newton_comb.png  used on input line 5272.
(pdftex.def)             Requested size: 332.89723pt x 110.22218pt.
 [109 <./fig-nlin/newton_comb.png>]
<fig-nlin/newton2.png, id=2695, 562.7424pt x 431.211pt>
File: fig-nlin/newton2.png Graphic file (type png)
<use fig-nlin/newton2.png>
Package pdftex.def Info: fig-nlin/newton2.png  used on input line 5287.
(pdftex.def)             Requested size: 332.89723pt x 255.09657pt.
 [110 <./fig-nlin/newton2.png>]
[111]
<fig-nlin/newton_bad.png, id=2747, 391.4625pt x 274.02374pt>
File: fig-nlin/newton_bad.png Graphic file (type png)
<use fig-nlin/newton_bad.png>
Package pdftex.def Info: fig-nlin/newton_bad.png  used on input line 5400.
(pdftex.def)             Requested size: 332.89723pt x 233.03835pt.
Package mdframed Info: mdframed works in twoside mode on input line 5409.
 [112]
<fig-nlin/secant.png, id=2760, 585.825pt x 396.828pt>
File: fig-nlin/secant.png Graphic file (type png)
<use fig-nlin/secant.png>
Package pdftex.def Info: fig-nlin/secant.png  used on input line 5436.
(pdftex.def)             Requested size: 332.89723pt x 225.49797pt.
 [113 <./fig-nlin/newton_bad.png>] [114 <./fig-nlin/secant.png>]
[115]
<fig-nlin/steepest_descent.png, id=2796, 655.248pt x 391.2216pt>
File: fig-nlin/steepest_descent.png Graphic file (type png)
<use fig-nlin/steepest_descent.png>
Package pdftex.def Info: fig-nlin/steepest_descent.png  used on input line 5513
.
(pdftex.def)             Requested size: 332.89723pt x 198.76224pt.
 [116] [117 <./fig-nlin/steepest_descent.png>] [118]
Overfull \hbox (48.36751pt too wide) in paragraph at lines 5759--5760
[][][][][][][][][][][][][][][][][][][][][][][][][][][][][][][][][][][][][][][][
][][][][][][][][] 
 []


Overfull \hbox (293.80467pt too wide) in paragraph at lines 5760--5761
[][][][][][][][][][][][][][][][][][][][][][][][][][][][][][][][][][][][][][][][
][][][][][][][][][][][][][][][][][][][][][][][][][][][][][][][][][][][][][][][]
[] 
 []


Overfull \hbox (70.67998pt too wide) in paragraph at lines 5770--5771
[][][][][][][][][][][][][][][][][][][][][][][][][][][][][][][][][] 
 []

[119] [120]
<fig-nlin/stdec_comb.png, id=2977, 757.83125pt x 514.92375pt>
File: fig-nlin/stdec_comb.png Graphic file (type png)
<use fig-nlin/stdec_comb.png>
Package pdftex.def Info: fig-nlin/stdec_comb.png  used on input line 5874.
(pdftex.def)             Requested size: 332.89723pt x 226.19786pt.
 [121 <./fig-nlin/stdec_comb.png>] [122]
Chapter 6.

Overfull \hbox (111.58464pt too wide) in paragraph at lines 5896--5896
|[] 
 []

[123


]
<fig-numint/func_sq.png, id=3006, 585.387pt x 378.6948pt>
File: fig-numint/func_sq.png Graphic file (type png)
<use fig-numint/func_sq.png>
Package pdftex.def Info: fig-numint/func_sq.png  used on input line 5937.
(pdftex.def)             Requested size: 299.60547pt x 193.81941pt.
 [124 <./fig-numint/func_sq.png>]
Package mdframed Info: mdframed works in twoside mode on input line 5991.
<fig-numint/func_tr.png, id=3016, 670.6656pt x 380.622pt>
File: fig-numint/func_tr.png Graphic file (type png)
<use fig-numint/func_tr.png>
Package pdftex.def Info: fig-numint/func_tr.png  used on input line 6017.
(pdftex.def)             Requested size: 299.60547pt x 170.03543pt.
 [125] [126 <./fig-numint/func_tr.png>]
[127] [128] [129] [130]
Overfull \hbox (18.02255pt too wide) in paragraph at lines 6246--6247
[][][][][][][][][][][][][][][][][][][][][][][][][][][][][][][][][][][][][][] 
 []

[131] [132]
<fig-numint/romberg.png, id=3153, 305.4612pt x 172.4844pt>
File: fig-numint/romberg.png Graphic file (type png)
<use fig-numint/romberg.png>
Package pdftex.def Info: fig-numint/romberg.png  used on input line 6319.
(pdftex.def)             Requested size: 166.44861pt x 93.99028pt.
 [133 <./fig-numint/romberg.png>]
Overfull \hbox (150.03107pt too wide) in paragraph at lines 6424--6425
\T1/lmr/m/n/11 (-20) fol-low-ing form $[][] \OML/lmm/m/it/11 f\OT1/lmr/m/n/11 (
-20) (\OML/lmm/m/it/11 x\OT1/lmr/m/n/11 (-20) )\OML/lmm/m/it/11 dx \OMS/lmsy/m/
n/11 ' [] []$ 
 []

[134] [135]
Package mdframed Info: mdframed works in twoside mode on input line 6555.
 [136]
Package mdframed Info: Not enough space on this page on input line 6560.
Package mdframed Info: mdframed works in twoside mode on input line 6579.
 [137]
Package mdframed Info: mdframed works in twoside mode on input line 6605.

Overfull \hbox (11.82477pt too wide) detected at line 6610
[]
 []


Underfull \hbox (badness 1005) in paragraph at lines 6637--6638
 []\T1/lmss/bx/n/11 The case N=3.[] \T1/lmr/m/n/11 (+20) For the case $\OML/lmm
/m/it/11 N \OT1/lmr/m/n/11 (+20) = 3$\T1/lmr/m/n/11 (+20) , we find that $\OML/
lmm/m/it/11 f\OT1/lmr/m/n/11 (+20) (\OML/lmm/m/it/11 x\OT1/lmr/m/n/11 (+20) ) =

 []

[138] [139]
Overfull \hbox (82.18971pt too wide) in paragraph at lines 6690--6690
[] [][]\T1/lmtt/m/n/8.5 https://docs.scipy.org/doc/scipy-0.14.0/reference/gener
ated/scipy.integrate.quadrature.html| 
 []

[140]
Overfull \hbox (33.7254pt too wide) in paragraph at lines 6741--6742
\OML/lmm/m/it/11 h\OT1/lmr/m/n/11 (-20) ) = [] []$
 []

[141] [142]
Chapter 7.

Overfull \hbox (111.58464pt too wide) in paragraph at lines 6796--6796
|[] 
 []

[143


]
<fig-ode/cstr.png, id=3356, 787.743pt x 321.8424pt>
File: fig-ode/cstr.png Graphic file (type png)
<use fig-ode/cstr.png>
Package pdftex.def Info: fig-ode/cstr.png  used on input line 6826.
(pdftex.def)             Requested size: 299.60547pt x 122.40942pt.
 [144 <./fig-ode/cstr.png>]
Package mdframed Info: mdframed works in twoside mode on input line 6867.
 [145] [146]
<fig-ode/euler.png, id=3399, 416.2752pt x 313.17pt>
File: fig-ode/euler.png Graphic file (type png)
<use fig-ode/euler.png>
Package pdftex.def Info: fig-ode/euler.png  used on input line 6941.
(pdftex.def)             Requested size: 299.60547pt x 225.41054pt.
 [147 <./fig-ode/euler.png>]
Package mdframed Info: mdframed works in twoside mode on input line 6985.

[148] [149] [150] [151] [152] [153]
<fig-ode/adaptive_euler.png, id=3512, 394.5942pt x 264.0264pt>
File: fig-ode/adaptive_euler.png Graphic file (type png)
<use fig-ode/adaptive_euler.png>
Package pdftex.def Info: fig-ode/adaptive_euler.png  used on input line 7232.
(pdftex.def)             Requested size: 299.60547pt x 200.48083pt.
Package mdframed Info: mdframed works in twoside mode on input line 7245.
 [154 <./fig-ode/adaptive_euler.png>]
Package mdframed Info: Not enough space on this page on input line 7250.
<fig-ode/rk_fig.png, id=3537, 661.9932pt x 506.8536pt>
File: fig-ode/rk_fig.png Graphic file (type png)
<use fig-ode/rk_fig.png>
Package pdftex.def Info: fig-ode/rk_fig.png  used on input line 7259.
(pdftex.def)             Requested size: 299.60547pt x 229.39677pt.

[155 <./fig-ode/rk_fig.png>]
Package mdframed Info: mdframed works in twoside mode on input line 7291.
 [156]
<fig-ode/rk2.png, id=3556, 419.166pt x 315.579pt>
File: fig-ode/rk2.png Graphic file (type png)
<use fig-ode/rk2.png>
Package pdftex.def Info: fig-ode/rk2.png  used on input line 7347.
(pdftex.def)             Requested size: 299.60547pt x 225.56503pt.
Package mdframed Info: mdframed works in twoside mode on input line 7367.
 [157]
<fig-ode/rk4.png, id=3589, 397.0032pt x 266.4354pt>
File: fig-ode/rk4.png Graphic file (type png)
<use fig-ode/rk4.png>
Package pdftex.def Info: fig-ode/rk4.png  used on input line 7384.
(pdftex.def)             Requested size: 299.60547pt x 201.07008pt.
 [158 <./fig-ode/rk2.png>] [159 <./fig-ode/rk4.png>]
<fig-ode/adaptive_rk4.png, id=3615, 395.076pt x 264.0264pt>
File: fig-ode/adaptive_rk4.png Graphic file (type png)
<use fig-ode/adaptive_rk4.png>
Package pdftex.def Info: fig-ode/adaptive_rk4.png  used on input line 7432.
(pdftex.def)             Requested size: 299.60547pt x 200.22704pt.
Package mdframed Info: mdframed works in twoside mode on input line 7444.
 [160 <./fig-ode/adaptive_rk4.png>] [161]
(/usr/share/texlive/texmf-dist/tex/latex/ucs/data/uni-254.def
File: uni-254.def 2013/05/13 UCS: Unicode data U+FE00..U+FEFF
) [162]
<fig-ode/cstr3.png, id=3644, 919.7562pt x 442.2924pt>
File: fig-ode/cstr3.png Graphic file (type png)
<use fig-ode/cstr3.png>
Package pdftex.def Info: fig-ode/cstr3.png  used on input line 7550.
(pdftex.def)             Requested size: 299.60547pt x 144.07402pt.
 [163 <./fig-ode/cstr3.png>]
<fig-ode/rk4_2.png, id=3663, 386.8854pt x 262.581pt>
File: fig-ode/rk4_2.png Graphic file (type png)
<use fig-ode/rk4_2.png>
Package pdftex.def Info: fig-ode/rk4_2.png  used on input line 7616.
(pdftex.def)             Requested size: 299.60547pt x 203.3459pt.
 [164]
<fig-ode/cstr2.png, id=3679, 750.1626pt x 326.1786pt>
File: fig-ode/cstr2.png Graphic file (type png)
<use fig-ode/cstr2.png>
Package pdftex.def Info: fig-ode/cstr2.png  used on input line 7632.
(pdftex.def)             Requested size: 299.60547pt x 130.27003pt.
 [165 <./fig-ode/rk4_2.png>] [166 <./fig-ode/cstr2.png>]
Package mdframed Info: mdframed works in twoside mode on input line 7671.
Package mdframed Info: mdframed works in twoside mode on input line 7698.
[167]
Package mdframed Info: Not enough space on this page on input line 7704.
<fig-ode/euler_imp.png, id=3713, 384.4764pt x 262.581pt>
File: fig-ode/euler_imp.png Graphic file (type png)
<use fig-ode/euler_imp.png>
Package pdftex.def Info: fig-ode/euler_imp.png  used on input line 7732.
(pdftex.def)             Requested size: 299.60547pt x 204.62001pt.
 [168] [169 <./fig-ode/euler_imp.png>] [170] [171] [172]
Chapter 8.

Overfull \hbox (111.58464pt too wide) in paragraph at lines 7888--7888
|[] 
 []

<fig-mc/mci.png, id=3791, 714.5094pt x 267.8808pt>
File: fig-mc/mci.png Graphic file (type png)
<use fig-mc/mci.png>
Package pdftex.def Info: fig-mc/mci.png  used on input line 7919.
(pdftex.def)             Requested size: 332.89723pt x 124.80853pt.
[173


] [174 <./fig-mc/mci.png>]
Package mdframed Info: mdframed works in twoside mode on input line 8015.
 [175]
(/usr/share/texlive/texmf-dist/tex/latex/ucs/data/uni-34.def
File: uni-34.def 2013/05/13 UCS: Unicode data U+2200..U+22FF
) [176] [177]
Package mdframed Info: mdframed works in twoside mode on input line 8143.

[178]
<fig-mc/coin.png, id=3865, 554.07pt x 554.07pt>
File: fig-mc/coin.png Graphic file (type png)
<use fig-mc/coin.png>
Package pdftex.def Info: fig-mc/coin.png  used on input line 8183.
(pdftex.def)             Requested size: 332.89723pt x 332.89265pt.
 [179] [180 <./fig-mc/coin.png>]
<fig-mc/mcint.png, id=3883, 1252.68pt x 538.6524pt>
File: fig-mc/mcint.png Graphic file (type png)
<use fig-mc/mcint.png>
Package pdftex.def Info: fig-mc/mcint.png  used on input line 8263.
(pdftex.def)             Requested size: 332.89723pt x 143.14494pt.
 [181]
Package mdframed Info: mdframed works in twoside mode on input line 8331.
 [182 <./fig-mc/mcint.png>] [183]
Package mdframed Info: mdframed works in twoside mode on input line 8409.

[184]
Overfull \hbox (47.41988pt too wide) detected at line 8479
[]\OML/lmm/m/it/11 V\OT1/lmr/m/n/11 (\OML/lmm/m/it/11 R\OT1/lmr/m/n/11 ) = [][]
 [][] [][] [] [][] \OML/lmm/m/it/11 dx[]dx[]dx[] [] dx[]:
 []

<fig-mc/2Dint.png, id=3934, 976.6086pt x 480.3546pt>
File: fig-mc/2Dint.png Graphic file (type png)
<use fig-mc/2Dint.png>
Package pdftex.def Info: fig-mc/2Dint.png  used on input line 8499.
(pdftex.def)             Requested size: 332.89723pt x 163.73619pt.
[185]
Package mdframed Info: mdframed works in twoside mode on input line 8556.
 [186 <./fig-mc/2Dint.png>]
Package mdframed Info: Not enough space on this page on input line 8567.
Package mdframed Info: mdframed works in twoside mode on input line 8574.
 [187] [188] [189] [190] (./book.bbl
Overfull \hbox (111.58464pt too wide) in paragraph at lines 1--1
|[] 
 []

[191




]) [192] (./book.ind
Overfull \hbox (111.58464pt too wide) in paragraph at lines 1--1
|[] 
 []


Underfull \hbox (badness 1226) in paragraph at lines 18--19
[]\T1/lmr/m/n/11 (+20) continuous stirred tank re-ac-tor
 []


Underfull \hbox (badness 1199) in paragraph at lines 66--67
[]\T1/lmr/m/n/11 (+20) Monte Carlo in-te-gra-tion, mean
 []

[193


] [194

])
Package atveryend Info: Empty hook `BeforeClearDocument' on input line 8894.
Package atveryend Info: Empty hook `AfterLastShipout' on input line 8894.
 (./book.aux)
Package atveryend Info: Executing hook `AtVeryEndDocument' on input line 8894.


 *File List*
svmonodo.cls    2007/06/25 v5.4 
Springer Verlag global LaTeX document class for monographs
 article.cls    2019/12/20 v1.4l Standard LaTeX document class
  size10.clo    2019/12/20 v1.4l Standard LaTeX file (size option)
   color.sty    1999/02/16
   color.cfg    2016/01/02 v1.6 sample color configuration
  pdftex.def    2018/01/08 v1.0l Graphics/color driver for pdftex
  framed.sty    2011/10/22 v 0.96: framed or shaded text with page breaks
    t4do.sty    
 amsmath.sty    2020/01/20 v2.17e AMS math features
 amstext.sty    2000/06/29 v2.01 AMS text
  amsgen.sty    1999/11/30 v2.0 generic functions
  amsbsy.sty    1999/11/29 v1.2d Bold Symbols
  amsopn.sty    2016/03/08 v2.02 operator names
amsfonts.sty    2013/01/14 v3.01 Basic AMSFonts support
 amssymb.sty    2013/01/14 v3.01 AMS font symbols
 caption.sty    2020/01/03 v3.4h Customizing captions (AR)
caption3.sty    2020/01/03 v1.8h caption3 kernel (AR)
  keyval.sty    2014/10/28 v1.15 key=value parser (DPC)
tabularx.sty    2020/01/15 v2.11c `tabularx' package (DPC)
   array.sty    2019/08/31 v2.4l Tabular extension package (FMi)
multicol.sty    2019/12/09 v1.8y multicolumn formatting (FMi)
 fontenc.sty
marvosym.sty    2011/07/20 v2.2 Martin Vogel's Symbols font definitions
textcomp.sty    2020/02/02 v2.0n Standard LaTeX package
footmisc.sty    2011/06/06 v5.5b a miscellany of footnote facilities
 relsize.sty    2013/03/29 ver 4.1
 makeidx.sty    2014/09/29 v1.0m Standard LaTeX package
setspace.sty    2011/12/19 v6.7a set line spacing
  xcolor.sty    2016/05/11 v2.12 LaTeX color extensions (UK)
   color.cfg    2016/01/02 v1.6 sample color configuration
colortbl.sty    2020/01/04 v1.0e Color table columns (DPC)
      bm.sty    2019/07/24 v1.2d Bold Symbol Support (DPC/FMi)
 ltablex.sty    2014/08/13 v1.1 Modified tabularx
longtable.sty    2020/01/07 v4.13 Multi-page Table package (DPC)
microtype.sty    2019/11/18 v2.7d Micro-typographical refinements (RS)
microtype-pdftex.def    2019/11/18 v2.7d Definitions specific to pdftex (RS)
microtype.cfg    2019/11/18 v2.7d microtype main configuration file (RS)
graphicx.sty    2019/11/30 v1.2a Enhanced LaTeX Graphics (DPC,SPQR)
graphics.sty    2019/11/30 v1.4a Standard LaTeX Graphics (DPC,SPQR)
    trig.sty    2016/01/03 v1.10 sin cos tan (DPC)
graphics.cfg    2016/06/04 v1.11 sample graphics configuration
fancyvrb.sty    2020/01/13 v3.5 verbatim text (tvz,hv)
moreverb.sty    2008/06/03 v2.3a `more' verbatim facilities
verbatim.sty    2019/11/10 v1.5r LaTeX2e package for verbatim enhancements
listingsutf8.sty    2019-12-10 v1.5 Allow UTF-8 in listings input (HO)
listings.sty    2019/09/10 1.8c (Carsten Heinz)
 lstmisc.sty    2019/09/10 1.8c (Carsten Heinz)
listings.cfg    2019/09/10 1.8c listings configuration
pdftexcmds.sty    2019/11/24 v0.31 Utility functions of pdfTeX for LuaTeX (HO)
infwarerr.sty    2019/12/03 v1.5 Providing info/warning/error messages (HO)
   iftex.sty    2019/11/07 v1.0c TeX engine tests
 ltxcmds.sty    2019/12/15 v1.24 LaTeX kernel commands for general use (HO)
stringenc.sty    2019/11/29 v1.12 Convert strings between diff. encodings (HO)
pdfescape.sty    2019/12/09 v1.15 Implements pdfTeX's escape features (HO)
    calc.sty    2017/05/25 v4.3 Infix arithmetic (KKT,FJ)
 fontenc.sty
     ucs.sty    2013/05/11 v2.2 UCS: Unicode input support
uni-global.def    2013/05/13 UCS: Unicode global data
inputenc.sty    2018/08/11 v1.3c Input encoding file
   utf8x.def    2004/10/17 UCS: Input encoding UTF-8
 lmodern.sty    2009/10/30 v1.6 Latin Modern Fonts
hyperref.sty    2020/01/14 v7.00d Hypertext links for LaTeX
kvsetkeys.sty    2019/12/15 v1.18 Key value parser (HO)
kvdefinekeys.sty    2019-12-19 v1.6 Define keys (HO)
 hycolor.sty    2020-01-27 v1.10 Color options for hyperref/bookmark (HO)
letltxmacro.sty    2019/12/03 v1.6 Let assignment for LaTeX macros (HO)
 auxhook.sty    2019-12-17 v1.6 Hooks for auxiliary files (HO)
kvoptions.sty    2019/11/29 v3.13 Key value format for package options (HO)
  pd1enc.def    2020/01/14 v7.00d Hyperref: PDFDocEncoding definition (HO)
 intcalc.sty    2019/12/15 v1.3 Expandable calculations with integers (HO)
etexcmds.sty    2019/12/15 v1.7 Avoid name clashes with e-TeX commands (HO)
     url.sty    2013/09/16  ver 3.4  Verb mode for urls, etc.
  bitset.sty    2019/12/09 v1.3 Handle bit-vector datatype (HO)
bigintcalc.sty    2019/12/15 v1.5 Expandable calculations on big integers (HO)
atbegshi.sty    2019/12/05 v1.19 At begin shipout hook (HO)
 hpdftex.def    2020/01/14 v7.00d Hyperref driver for pdfTeX
atveryend.sty    2019-12-11 v1.11 Hooks at the very end of document (HO)
rerunfilecheck.sty    2019/12/05 v1.9 Rerun checks for auxiliary files (HO)
uniquecounter.sty    2019/12/15 v1.4 Provide unlimited unique counter (HO)
placeins.sty    2005/04/18  v 2.2
 wrapfig.sty    2003/01/31  v 3.6
mdframed.sty    2013/07/01 1.9b: mdframed
  xparse.sty    2020-02-14 L3 Experimental document command parser
   expl3.sty    2020-02-14 L3 programming layer (loader) 
l3backend-pdfmode.def    2020-02-03 L3 backend support: PDF mode
etoolbox.sty    2019/09/21 v2.5h e-TeX tools for LaTeX (JAW)
zref-abspage.sty    2019/11/29 v2.28 Module abspage for zref (HO)
zref-base.sty    2019/11/29 v2.28 Module base for zref (HO)
needspace.sty    2010/09/12 v1.3d reserve vertical space
    tikz.sty    2020/01/08 v3.1.5b (3.1.5b)
     pgf.sty    2020/01/08 v3.1.5b (3.1.5b)
  pgfrcs.sty    2020/01/08 v3.1.5b (3.1.5b)
everyshi.sty    2001/05/15 v3.00 EveryShipout Package (MS)
pgfrcs.code.tex
 pgfcore.sty    2020/01/08 v3.1.5b (3.1.5b)
  pgfsys.sty    2020/01/08 v3.1.5b (3.1.5b)
pgfsys.code.tex
pgfsyssoftpath.code.tex    2020/01/08 v3.1.5b (3.1.5b)
pgfsysprotocol.code.tex    2020/01/08 v3.1.5b (3.1.5b)
pgfcore.code.tex
pgfcomp-version-0-65.sty    2020/01/08 v3.1.5b (3.1.5b)
pgfcomp-version-1-18.sty    2020/01/08 v3.1.5b (3.1.5b)
  pgffor.sty    2020/01/08 v3.1.5b (3.1.5b)
 pgfkeys.sty    
pgfkeys.code.tex
 pgfmath.sty    
pgfmath.code.tex
pgffor.code.tex
tikz.code.tex
md-frame-1.mdf    2013/07/01\ 1.9b: md-frame-1
chngcntr.sty    2018/04/09 v1.1a change counter resetting
idxlayout.sty    2012/03/30 v0.4d Configurable index layout
tocbibind.sty    2010/10/13 v1.5k extra ToC listings
ragged2e.sty    2019/07/28 v2.2 ragged2e Package (MS)
everysel.sty    2011/10/28 v1.2 EverySelectfont Package (MS)
   t1lmr.fd    2009/10/30 v1.6 Font defs for Latin Modern
supp-pdf.mkii
epstopdf-base.sty    2020-01-24 v2.11 Base part for package epstopdf
epstopdf-sys.cfg    2010/07/13 v1.3 Configuration of (r)epstopdf for TeX Live
ltcaption.sty    2018/08/26 v1.4a longtable captions (AR)
  mt-cmr.cfg    2013/05/19 v2.2 microtype config. file: Computer Modern Roman (
RS)
 ucsencs.def    2011/01/21 Fixes to fontencodings LGR, T3
 nameref.sty    2019/09/16 v2.46 Cross-referencing by name of section
refcount.sty    2019/12/15 v3.6 Data extraction from label references (HO)
gettitlestring.sty    2019/12/15 v1.6 Cleanup title references (HO)
    book.out
    book.out
newcommands_keep.tex
  t1lmss.fd    2009/10/30 v1.6 Font defs for Latin Modern
  ot1lmr.fd    2009/10/30 v1.6 Font defs for Latin Modern
  omllmm.fd    2009/10/30 v1.6 Font defs for Latin Modern
 omslmsy.fd    2009/10/30 v1.6 Font defs for Latin Modern
 omxlmex.fd    2009/10/30 v1.6 Font defs for Latin Modern
    umsa.fd    2013/01/14 v3.01 AMS symbols A
  mt-msa.cfg    2006/02/04 v1.1 microtype config. file: AMS symbols (a) (RS)
    umsb.fd    2013/01/14 v3.01 AMS symbols B
  mt-msb.cfg    2005/06/01 v1.0 microtype config. file: AMS symbols (b) (RS)
  t1lmtt.fd    2009/10/30 v1.6 Font defs for Latin Modern
  ts1lmr.fd    2009/10/30 v1.6 Font defs for Latin Modern
fig-python/vscode.png
lstlang1.sty    2019/09/10 1.8c listings language file
fig-python/plt_loop.png
fig-pandas/covid_comb.png
fig-pandas/group.png
fig-pandas/describe.png
fig-pandas/concat.png
fig-pandas/fig_join.png
fig-pandas/merge.png
fig-pandas/merge3.png
fig-taylor/func_plot.png
fig-taylor/mac_sin.png
fig-taylor/fd.png
fig-taylor/df2_mod.png
fig-taylor/64bit.png
fig-lin/flux.png
fig-lin/grid.png
  uni-32.def    2013/05/13 UCS: Unicode data U+2000..U+20FF
fig-lin/bbc.pdf
fig-lin/reg.png
fig-lin/heat.png
fig-lin/heat_grid.png
fig-lin/co2_diff.png
fig-nlin/fx.png
fig-nlin/vdw.png
fig-nlin/f_g_comb.png
fig-nlin/bisection.png
fig-nlin/newton_comb.png
fig-nlin/newton2.png
fig-nlin/newton_bad.png
fig-nlin/secant.png
fig-nlin/steepest_descent.png
fig-nlin/stdec_comb.png
fig-numint/func_sq.png
fig-numint/func_tr.png
fig-numint/romberg.png
fig-ode/cstr.png
fig-ode/euler.png
fig-ode/adaptive_euler.png
fig-ode/rk_fig.png
fig-ode/rk2.png
fig-ode/rk4.png
fig-ode/adaptive_rk4.png
 uni-254.def    2013/05/13 UCS: Unicode data U+FE00..U+FEFF
fig-ode/cstr3.png
fig-ode/rk4_2.png
fig-ode/cstr2.png
fig-ode/euler_imp.png
fig-mc/mci.png
  uni-34.def    2013/05/13 UCS: Unicode data U+2200..U+22FF
fig-mc/coin.png
fig-mc/mcint.png
fig-mc/2Dint.png
    book.bbl
    book.ind
 ***********

Package atveryend Info: Executing hook `AtEndAfterFileList' on input line 8894.

Package rerunfilecheck Info: File `book.out' has not changed.
(rerunfilecheck)             Checksum: 9F191554F38AC04257EA5A17F8BDAE9F;8306.

LaTeX Font Warning: Size substitutions with differences
(Font)              up to 1.0pt have occurred.

Package atveryend Info: Empty hook `AtVeryVeryEnd' on input line 8894.
 ) 
Here is how much of TeX's memory you used:
 30807 strings out of 481239
 538568 string characters out of 5920377
 1022513 words of memory out of 5000000
 42652 multiletter control sequences out of 15000+600000
 747801 words of font info for 321 fonts, out of 8000000 for 9000
 1141 hyphenation exceptions out of 8191
 73i,19n,79p,1329b,1214s stack positions out of 5000i,500n,10000p,200000b,80000s
{/usr/share/texmf/fonts/enc/dvips/lm/lm-mathsy.enc}{/usr/share/texmf/fonts/en
c/dvips/lm/lm-mathit.enc}{/usr/share/texmf/fonts/enc/dvips/lm/lm-rm.enc}{/usr/s
hare/texmf/fonts/enc/dvips/lm/lm-mathex.enc}{/usr/share/texmf/fonts/enc/dvips/l
m/lm-ec.enc}{/usr/share/texmf/fonts/enc/dvips/lm/lm-ts1.enc}</usr/share/texmf/f
onts/type1/public/lm/lmbx12.pfb></usr/share/texmf/fonts/type1/public/lm/lmex10.
pfb></usr/share/texmf/fonts/type1/public/lm/lmmi12.pfb></usr/share/texmf/fonts/
type1/public/lm/lmmi5.pfb></usr/share/texmf/fonts/type1/public/lm/lmmi6.pfb></u
sr/share/texmf/fonts/type1/public/lm/lmmi8.pfb></usr/share/texmf/fonts/type1/pu
blic/lm/lmmi9.pfb></usr/share/texmf/fonts/type1/public/lm/lmr12.pfb></usr/share
/texmf/fonts/type1/public/lm/lmr5.pfb></usr/share/texmf/fonts/type1/public/lm/l
mr6.pfb></usr/share/texmf/fonts/type1/public/lm/lmr8.pfb></usr/share/texmf/font
s/type1/public/lm/lmr9.pfb></usr/share/texmf/fonts/type1/public/lm/lmri12.pfb><
/usr/share/texmf/fonts/type1/public/lm/lmri7.pfb></usr/share/texmf/fonts/type1/
public/lm/lmri8.pfb></usr/share/texmf/fonts/type1/public/lm/lmss12.pfb></usr/sh
are/texmf/fonts/type1/public/lm/lmss9.pfb></usr/share/texmf/fonts/type1/public/
lm/lmssbx10.pfb></usr/share/texmf/fonts/type1/public/lm/lmsy10.pfb></usr/share/
texmf/fonts/type1/public/lm/lmsy5.pfb></usr/share/texmf/fonts/type1/public/lm/l
msy6.pfb></usr/share/texmf/fonts/type1/public/lm/lmsy8.pfb></usr/share/texmf/fo
nts/type1/public/lm/lmsy9.pfb></usr/share/texmf/fonts/type1/public/lm/lmtk10.pf
b></usr/share/texmf/fonts/type1/public/lm/lmtt12.pfb></usr/share/texmf/fonts/ty
pe1/public/lm/lmtt9.pfb></usr/share/texmf/fonts/type1/public/lm/lmtti10.pfb>
Output written on book.pdf (204 pages, 8433034 bytes).
PDF statistics:
 4775 PDF objects out of 5155 (max. 8388607)
 4402 compressed objects within 45 object streams
 2449 named destinations out of 2487 (max. 500000)
 53866 words of extra memory for PDF output out of 61914 (max. 10000000)

